[    0.000000] Linux version 4.15.0-96-generic (buildd@lgw01-amd64-004) (gcc version 7.5.0 (Ubuntu 7.5.0-3ubuntu1~18.04)) #97-Ubuntu SMP Wed Apr 1 03:25:46 UTC 2020 (Ubuntu 4.15.0-96.97-generic 4.15.18)
[    0.000000] Command line: BOOT_IMAGE=/boot/vmlinuz-4.15.0-96-generic root=LABEL=cloudimg-rootfs ro console=tty1 console=ttyS0
[    0.000000] KERNEL supported cpus:
[    0.000000]   Intel GenuineIntel
[    0.000000]   AMD AuthenticAMD
[    0.000000]   Centaur CentaurHauls
[    0.000000] x86/fpu: Supporting XSAVE feature 0x001: 'x87 floating point registers'
[    0.000000] x86/fpu: Supporting XSAVE feature 0x002: 'SSE registers'
[    0.000000] x86/fpu: Supporting XSAVE feature 0x004: 'AVX registers'
[    0.000000] x86/fpu: xstate_offset[2]:  576, xstate_sizes[2]:  256
[    0.000000] x86/fpu: Enabled xstate features 0x7, context size is 832 bytes, using 'standard' format.
[    0.000000] e820: BIOS-provided physical RAM map:
[    0.000000] BIOS-e820: [mem 0x0000000000000000-0x000000000009fbff] usable
[    0.000000] BIOS-e820: [mem 0x000000000009fc00-0x000000000009ffff] reserved
[    0.000000] BIOS-e820: [mem 0x00000000000f0000-0x00000000000fffff] reserved
[    0.000000] BIOS-e820: [mem 0x0000000000100000-0x000000003ffeffff] usable
[    0.000000] BIOS-e820: [mem 0x000000003fff0000-0x000000003fffffff] ACPI data
[    0.000000] BIOS-e820: [mem 0x00000000fec00000-0x00000000fec00fff] reserved
[    0.000000] BIOS-e820: [mem 0x00000000fee00000-0x00000000fee00fff] reserved
[    0.000000] BIOS-e820: [mem 0x00000000fffc0000-0x00000000ffffffff] reserved
[    0.000000] NX (Execute Disable) protection: active
[    0.000000] SMBIOS 2.5 present.
[    0.000000] DMI: innotek GmbH VirtualBox/VirtualBox, BIOS VirtualBox 12/01/2006
[    0.000000] Hypervisor detected: KVM
[    0.000000] e820: last_pfn = 0x3fff0 max_arch_pfn = 0x400000000
[    0.000000] MTRR: Disabled
[    0.000000] x86/PAT: MTRRs disabled, skipping PAT initialization too.
[    0.000000] CPU MTRRs all blank - virtualized system.
[    0.000000] x86/PAT: Configuration [0-7]: WB  WT  UC- UC  WB  WT  UC- UC  
[    0.000000] found SMP MP-table at [mem 0x0009fff0-0x0009ffff]
[    0.000000] Scanning 1 areas for low memory corruption
[    0.000000] RAMDISK: [mem 0x35a6d000-0x36d2dfff]
[    0.000000] ACPI: Early table checksum verification disabled
[    0.000000] ACPI: RSDP 0x00000000000E0000 000024 (v02 VBOX  )
[    0.000000] ACPI: XSDT 0x000000003FFF0030 00003C (v01 VBOX   VBOXXSDT 00000001 ASL  00000061)
[    0.000000] ACPI: FACP 0x000000003FFF00F0 0000F4 (v04 VBOX   VBOXFACP 00000001 ASL  00000061)
[    0.000000] ACPI: DSDT 0x000000003FFF0470 002325 (v02 VBOX   VBOXBIOS 00000002 INTL 20100528)
[    0.000000] ACPI: FACS 0x000000003FFF0200 000040
[    0.000000] ACPI: FACS 0x000000003FFF0200 000040
[    0.000000] ACPI: APIC 0x000000003FFF0240 000054 (v02 VBOX   VBOXAPIC 00000001 ASL  00000061)
[    0.000000] ACPI: SSDT 0x000000003FFF02A0 0001CC (v01 VBOX   VBOXCPUT 00000002 INTL 20100528)
[    0.000000] No NUMA configuration found
[    0.000000] Faking a node at [mem 0x0000000000000000-0x000000003ffeffff]
[    0.000000] NODE_DATA(0) allocated [mem 0x3ffc5000-0x3ffeffff]
[    0.000000] kvm-clock: cpu 0, msr 0:3ff44001, primary cpu clock
[    0.000000] kvm-clock: Using msrs 4b564d01 and 4b564d00
[    0.000000] kvm-clock: using sched offset of 5627816885 cycles
[    0.000000] clocksource: kvm-clock: mask: 0xffffffffffffffff max_cycles: 0x1cd42e4dffb, max_idle_ns: 881590591483 ns
[    0.000000] Zone ranges:
[    0.000000]   DMA      [mem 0x0000000000001000-0x0000000000ffffff]
[    0.000000]   DMA32    [mem 0x0000000001000000-0x000000003ffeffff]
[    0.000000]   Normal   empty
[    0.000000]   Device   empty
[    0.000000] Movable zone start for each node
[    0.000000] Early memory node ranges
[    0.000000]   node   0: [mem 0x0000000000001000-0x000000000009efff]
[    0.000000]   node   0: [mem 0x0000000000100000-0x000000003ffeffff]
[    0.000000] Reserved but unavailable: 98 pages
[    0.000000] Initmem setup node 0 [mem 0x0000000000001000-0x000000003ffeffff]
[    0.000000] ACPI: PM-Timer IO Port: 0x4008
[    0.000000] IOAPIC[0]: apic_id 1, version 32, address 0xfec00000, GSI 0-23
[    0.000000] ACPI: INT_SRC_OVR (bus 0 bus_irq 0 global_irq 2 dfl dfl)
[    0.000000] ACPI: INT_SRC_OVR (bus 0 bus_irq 9 global_irq 9 low level)
[    0.000000] Using ACPI (MADT) for SMP configuration information
[    0.000000] smpboot: Allowing 1 CPUs, 0 hotplug CPUs
[    0.000000] PM: Registered nosave memory: [mem 0x00000000-0x00000fff]
[    0.000000] PM: Registered nosave memory: [mem 0x0009f000-0x0009ffff]
[    0.000000] PM: Registered nosave memory: [mem 0x000a0000-0x000effff]
[    0.000000] PM: Registered nosave memory: [mem 0x000f0000-0x000fffff]
[    0.000000] e820: [mem 0x40000000-0xfebfffff] available for PCI devices
[    0.000000] Booting paravirtualized kernel on KVM
[    0.000000] clocksource: refined-jiffies: mask: 0xffffffff max_cycles: 0xffffffff, max_idle_ns: 7645519600211568 ns
[    0.000000] random: get_random_bytes called from start_kernel+0x99/0x4fd with crng_init=0
[    0.000000] setup_percpu: NR_CPUS:8192 nr_cpumask_bits:1 nr_cpu_ids:1 nr_node_ids:1
[    0.000000] percpu: Embedded 45 pages/cpu s147456 r8192 d28672 u2097152
[    0.000000] PV qspinlock hash table entries: 256 (order: 0, 4096 bytes)
[    0.000000] Built 1 zonelists, mobility grouping on.  Total pages: 257913
[    0.000000] Policy zone: DMA32
[    0.000000] Kernel command line: BOOT_IMAGE=/boot/vmlinuz-4.15.0-96-generic root=LABEL=cloudimg-rootfs ro console=tty1 console=ttyS0
[    0.000000] Memory: 983244K/1048120K available (12300K kernel code, 2481K rwdata, 4264K rodata, 2432K init, 2712K bss, 64876K reserved, 0K cma-reserved)
[    0.000000] SLUB: HWalign=64, Order=0-3, MinObjects=0, CPUs=1, Nodes=1
[    0.000000] Kernel/User page tables isolation: enabled
[    0.000000] ftrace: allocating 39351 entries in 154 pages
[    0.004000] Hierarchical RCU implementation.
[    0.004000] 	RCU restricting CPUs from NR_CPUS=8192 to nr_cpu_ids=1.
[    0.004000] 	Tasks RCU enabled.
[    0.004000] RCU: Adjusting geometry for rcu_fanout_leaf=16, nr_cpu_ids=1
[    0.004000] NR_IRQS: 524544, nr_irqs: 256, preallocated irqs: 16
[    0.004000] Console: colour VGA+ 80x25
[    0.004000] console [tty1] enabled
[    0.004000] console [ttyS0] enabled
[    0.004000] ACPI: Core revision 20170831
[    0.004000] ACPI: 2 ACPI AML tables successfully acquired and loaded
[    0.004000] APIC: Switch to symmetric I/O mode setup
[    0.004000] x2apic enabled
[    0.004000] Switched APIC routing to physical x2apic.
[    0.004000] ..TIMER: vector=0x30 apic1=0 pin1=2 apic2=-1 pin2=-1
[    0.004004] tsc: Detected 2903.998 MHz processor
[    0.005270] Calibrating delay loop (skipped) preset value.. 5807.99 BogoMIPS (lpj=11615992)
[    0.005740] pid_max: default: 32768 minimum: 301
[    0.008026] Security Framework initialized
[    0.008847] Yama: becoming mindful.
[    0.009587] AppArmor: AppArmor initialized
[    0.012031] Dentry cache hash table entries: 131072 (order: 8, 1048576 bytes)
[    0.013473] Inode-cache hash table entries: 65536 (order: 7, 524288 bytes)
[    0.014775] Mount-cache hash table entries: 2048 (order: 2, 16384 bytes)
[    0.016004] Mountpoint-cache hash table entries: 2048 (order: 2, 16384 bytes)
[    0.017553] process: using mwait in idle threads
[    0.018455] Last level iTLB entries: 4KB 64, 2MB 8, 4MB 8
[    0.020001] Last level dTLB entries: 4KB 64, 2MB 0, 4MB 0, 1GB 4
[    0.021136] Spectre V1 : Mitigation: usercopy/swapgs barriers and __user pointer sanitization
[    0.022767] Spectre V2 : Mitigation: Full generic retpoline
[    0.024001] Spectre V2 : Spectre v2 / SpectreRSB mitigation: Filling RSB on context switch
[    0.025574] Speculative Store Bypass: Vulnerable
[    0.026502] MDS: Mitigation: Clear CPU buffers
[    0.039661] Freeing SMP alternatives memory: 36K
[    0.150982] smpboot: CPU0: Intel(R) Core(TM) i7-7820HQ CPU @ 2.90GHz (family: 0x6, model: 0x9e, stepping: 0x9)
[    0.152000] Performance Events: unsupported p6 CPU model 158 no PMU driver, software events only.
[    0.152031] Hierarchical SRCU implementation.
[    0.153459] NMI watchdog: Perf event create on CPU 0 failed with -2
[    0.155022] NMI watchdog: Perf NMI watchdog permanently disabled
[    0.156029] smp: Bringing up secondary CPUs ...
[    0.157168] smp: Brought up 1 node, 1 CPU
[    0.158048] smpboot: Max logical packages: 1
[    0.158879] smpboot: Total of 1 processors activated (5807.99 BogoMIPS)
[    0.160103] devtmpfs: initialized
[    0.160817] x86/mm: Memory block size: 128MB
[    0.161832] evm: security.selinux
[    0.162501] evm: security.SMACK64
[    0.164003] evm: security.SMACK64EXEC
[    0.164776] evm: security.SMACK64TRANSMUTE
[    0.165658] evm: security.SMACK64MMAP
[    0.166554] evm: security.apparmor
[    0.167316] evm: security.ima
[    0.168002] evm: security.capability
[    0.168809] clocksource: jiffies: mask: 0xffffffff max_cycles: 0xffffffff, max_idle_ns: 7645041785100000 ns
[    0.170646] futex hash table entries: 256 (order: 2, 16384 bytes)
[    0.172035] pinctrl core: initialized pinctrl subsystem
[    0.173115] RTC time:  6:50:56, date: 05/03/20
[    0.174044] NET: Registered protocol family 16
[    0.175334] audit: initializing netlink subsys (disabled)
[    0.176095] cpuidle: using governor ladder
[    0.176904] cpuidle: using governor menu
[    0.177695] ACPI: bus type PCI registered
[    0.178502] acpiphp: ACPI Hot Plug PCI Controller Driver version: 0.5
[    0.180004] audit: type=2000 audit(1588488664.158:1): state=initialized audit_enabled=0 res=1
[    0.181756] PCI: Using configuration type 1 for base access
[    0.183596] HugeTLB registered 2.00 MiB page size, pre-allocated 0 pages
[    0.185569] ACPI: Added _OSI(Module Device)
[    0.186513] ACPI: Added _OSI(Processor Device)
[    0.188003] ACPI: Added _OSI(3.0 _SCP Extensions)
[    0.188965] ACPI: Added _OSI(Processor Aggregator Device)
[    0.189975] ACPI: Added _OSI(Linux-Dell-Video)
[    0.191004] ACPI: Added _OSI(Linux-Lenovo-NV-HDMI-Audio)
[    0.192012] ACPI: Added _OSI(Linux-HPI-Hybrid-Graphics)
[    0.193395] ACPI: Executed 1 blocks of module-level executable AML code
[    0.198096] ACPI: Interpreter enabled
[    0.200011] ACPI: (supports S0 S5)
[    0.201079] ACPI: Using IOAPIC for interrupt routing
[    0.202209] PCI: Using host bridge windows from ACPI; if necessary, use "pci=nocrs" and report a bug
[    0.204000] ACPI: Enabled 2 GPEs in block 00 to 07
[    0.210645] ACPI: PCI Root Bridge [PCI0] (domain 0000 [bus 00-ff])
[    0.212006] acpi PNP0A03:00: _OSC: OS supports [ASPM ClockPM Segments MSI]
[    0.213998] acpi PNP0A03:00: _OSC: not requesting OS control; OS requires [ExtendedConfig ASPM ClockPM MSI]
[    0.216009] acpi PNP0A03:00: fail to add MMCONFIG information, can't access extended PCI configuration space under this bridge.
[    0.220578] PCI host bridge to bus 0000:00
[    0.221420] pci_bus 0000:00: root bus resource [io  0x0000-0x0cf7 window]
[    0.222732] pci_bus 0000:00: root bus resource [io  0x0d00-0xffff window]
[    0.224003] pci_bus 0000:00: root bus resource [mem 0x000a0000-0x000bffff window]
[    0.225436] pci_bus 0000:00: root bus resource [mem 0x40000000-0xfdffffff window]
[    0.226861] pci_bus 0000:00: root bus resource [bus 00-ff]
[    0.230570] pci 0000:00:01.1: legacy IDE quirk: reg 0x10: [io  0x01f0-0x01f7]
[    0.232002] pci 0000:00:01.1: legacy IDE quirk: reg 0x14: [io  0x03f6]
[    0.233814] pci 0000:00:01.1: legacy IDE quirk: reg 0x18: [io  0x0170-0x0177]
[    0.236002] pci 0000:00:01.1: legacy IDE quirk: reg 0x1c: [io  0x0376]
[    0.249386] pci 0000:00:07.0: quirk: [io  0x4000-0x403f] claimed by PIIX4 ACPI
[    0.251719] pci 0000:00:07.0: quirk: [io  0x4100-0x410f] claimed by PIIX4 SMB
[    0.262057] ACPI: PCI Interrupt Link [LNKA] (IRQs 5 9 10 *11)
[    0.264141] ACPI: PCI Interrupt Link [LNKB] (IRQs 5 9 *10 11)
[    0.265835] ACPI: PCI Interrupt Link [LNKC] (IRQs 5 *9 10 11)
[    0.267081] ACPI: PCI Interrupt Link [LNKD] (IRQs 5 9 10 *11)
[    0.268346] SCSI subsystem initialized
[    0.269631] pci 0000:00:02.0: vgaarb: setting as boot VGA device
[    0.271023] pci 0000:00:02.0: vgaarb: VGA device added: decodes=io+mem,owns=io+mem,locks=none
[    0.272003] pci 0000:00:02.0: vgaarb: bridge control possible
[    0.273176] vgaarb: loaded
[    0.273996] ACPI: bus type USB registered
[    0.274928] usbcore: registered new interface driver usbfs
[    0.276010] usbcore: registered new interface driver hub
[    0.277250] usbcore: registered new device driver usb
[    0.278523] EDAC MC: Ver: 3.0.0
[    0.280374] PCI: Using ACPI for IRQ routing
[    0.281770] NetLabel: Initializing
[    0.282629] NetLabel:  domain hash size = 128
[    0.283781] NetLabel:  protocols = UNLABELED CIPSOv4 CALIPSO
[    0.284033] NetLabel:  unlabeled traffic allowed by default
[    0.285254] clocksource: Switched to clocksource kvm-clock
[    0.295867] VFS: Disk quotas dquot_6.6.0
[    0.297129] VFS: Dquot-cache hash table entries: 512 (order 0, 4096 bytes)
[    0.298810] AppArmor: AppArmor Filesystem Enabled
[    0.299778] pnp: PnP ACPI init
[    0.301730] pnp: PnP ACPI: found 3 devices
[    0.307793] clocksource: acpi_pm: mask: 0xffffff max_cycles: 0xffffff, max_idle_ns: 2085701024 ns
[    0.310179] NET: Registered protocol family 2
[    0.311511] TCP established hash table entries: 8192 (order: 4, 65536 bytes)
[    0.312945] TCP bind hash table entries: 8192 (order: 5, 131072 bytes)
[    0.314314] TCP: Hash tables configured (established 8192 bind 8192)
[    0.315573] UDP hash table entries: 512 (order: 2, 16384 bytes)
[    0.316761] UDP-Lite hash table entries: 512 (order: 2, 16384 bytes)
[    0.318183] NET: Registered protocol family 1
[    0.319057] pci 0000:00:00.0: Limiting direct PCI/PCI transfers
[    0.320231] pci 0000:00:01.0: Activating ISA DMA hang workarounds
[    0.321461] pci 0000:00:02.0: Video device with shadowed ROM at [mem 0x000c0000-0x000dffff]
[    0.323463] Unpacking initramfs...
[    0.576648] Freeing initrd memory: 19204K
[    0.581321] clocksource: tsc: mask: 0xffffffffffffffff max_cycles: 0x29dc03c1beb, max_idle_ns: 440795205215 ns
[    0.583622] platform rtc_cmos: registered platform RTC device (no PNP device found)
[    0.585192] Scanning for low memory corruption every 60 seconds
[    0.586782] Initialise system trusted keyrings
[    0.587705] Key type blacklist registered
[    0.588632] workingset: timestamp_bits=36 max_order=18 bucket_order=0
[    0.592117] zbud: loaded
[    0.593184] squashfs: version 4.0 (2009/01/31) Phillip Lougher
[    0.594767] fuse init (API version 7.26)
[    0.596312] Key type asymmetric registered
[    0.597176] Asymmetric key parser 'x509' registered
[    0.598175] Block layer SCSI generic (bsg) driver version 0.4 loaded (major 246)
[    0.599665] io scheduler noop registered
[    0.600494] io scheduler deadline registered
[    0.601379] io scheduler cfq registered (default)
[    0.602706] ACPI: AC Adapter [AC] (off-line)
[    0.603618] input: Power Button as /devices/LNXSYSTM:00/LNXPWRBN:00/input/input0
[    0.605165] ACPI: Power Button [PWRF]
[    0.606016] input: Sleep Button as /devices/LNXSYSTM:00/LNXSLPBN:00/input/input1
[    0.607734] ACPI: Sleep Button [SLPF]
[    0.609720] ACPI: Battery Slot [BAT0] (battery present)
[    0.610815] Serial: 8250/16550 driver, 32 ports, IRQ sharing enabled
[    0.633280] 0:02: ttyS0 at I/O 0x3f8 (irq = 4, base_baud = 115200) is a 16550A
    0.635662] Linux agpgart interface v0.103
    0.637220] loop: module loaded
    0.638208] scsi host0: ata_piix
    0.639135] scsi host1: ata_piix
[    0.639884] ta1: PATA max UDMA/33 cmd 0x1f0 ctl 0x3f6 bmdma 0xd000 irq 14
    0.641176] ata2: PATA max UDMA/33 cmd 0x170 ctl 0x376 bmdma 0xd008 iq 15
[    .642935] libphy: Fixed MDIO Bus:probed
[    0.644427] tun: Universal TN/TAP device driver, 1.6
[    0.645714]PPP generic driver version 2.4.2
[    0.646578] ehci_cd: USB 2.0 'Enhanced' Host Controller (EHCI) Driver
    0.647824] ehci-pci: EHCI PCI platform driver
[   0.648726] ehci-platform: EHCI genericplatform driver
[    0.650151] ohci_hcd: USB 1.1 'Ope' Host Controller (OHCI) Driver
[    0.651324] ohci-ci: OHCI PCI platform driver
[    0.652247] ohci-patform: OHCI generic platform driver
[    0.653288]uhci_hcd: USB Universal Host Controller Interface driver
    0.654528] i8042: PNP: PS/2 Controller [PNP0303:PS2K,PNP0f03PS2M] at 0x60,0x64 irq 1,12
    0.656578] serio: i8042 KBD port at0x60,0x64 irq 1
[    0.657907] serio: i8042 AUX portat 0x60,0x64 irq 12
[    0.658968] mousedev: PS2 mouse device common for all mice
[   0.660245] input: AT Translated Set 2 keyboard as /devices/platformi8042/serio0/input/input2
[    0.662265] rtc_cmos rtc_cmos: rtc core: registered rtc_cmos as rtc0
[    0.663920] rtc_cmos rtc_cmos: alarms up to one day, 114 bytes nvram
[    0.665171] i2c /dev entries driver
[    0.665909] device-mapper: uevent: version 1.0.3
[    0.666917] device-mapper: ioctl: 4.37.0-ioctl (2017-09-20) initialised: dm-devel@redhat.com
[    0.668564] ledtrig-cpu: registered to indicate activity on CPUs
[    0.669807] intel_pmc_core:  initialized
[    0.670705] NET: Registered protocol family 10
[    0.673919] Segment Routing with IPv6
[    0.674857] NET: Registered protocol family 17
[    0.675726] Key type dns_resolver registered
[    0.676858] mce: Using 0 MCE banks
[    0.678049] RAS: Correctable Errors collector initialized.
[    0.679344] sched_clock: Marking stable (676789119, 0)->(848000194, -171211075)
[    0.681111] registered taskstats version 1
[    0.682042] Loading compiled-in X.509 certificates
[    0.684455] Loaded X.509 cert 'Build time autogenerated kernel key: 244b473b43e18b01f00e37a87f2ecd28620f0244'
[    0.686489] zswap: loaded using pool lzo/zbud
[    0.689528] Key type big_key registered
[    0.690714] Key type trusted registered
[    0.692578] Key type encrypted registered
[    0.693386] AppArmor: AppArmor sha1 policy hashing enabled
[    0.694544] ima: No TPM chip found, activating TPM-bypass! (rc=-19)
[    0.695725] ima: Allocated hash algorithm: sha1
[    0.696792] evm: HMAC attrs: 0x1
[    0.698022]   Magic number: 4:639:821
[    0.698810] rtc_cmos rtc_cmos: setting system clock to 2020-05-03 06:50:57 UTC (1588488657)
[    0.700477] BIOS EDD facility v0.16 2004-Jun-25, 0 devices found
[    0.701623] EDD information not available.
[    0.824715] Freeing unused kernel image memory: 2432K
[    0.832836] Write protecting the kernel read-only data: 20480k
[    0.836148] Freeing unused kernel image memory: 2008K
[    0.837692] Freeing unused kernel image memory: 1880K
[    0.843530] x86/mm: Checked W+X mappings: passed, no W+X pages found.
[    0.845276] x86/mm: Checking user space page tables
[    0.850841] x86/mm: Checked W+X mappings: passed, no W+X pages found.
Loading, please wait...
starting version 237
[    0.927927] e1000: Intel(R) PRO/1000 Network Driver - version 7.3.21-k8-NAPI
[    0.929748] e1000: Copyright (c) 1999-2006 Intel Corporation.
[    0.934687] Fusion MPT base driver 3.04.20
[    0.935993] Copyright (c) 1999-2008 LSI Corporation
[    0.952320] Fusion MPT SPI Host driver 3.04.20
[    0.964243] AVX2 version of gcm_enc/dec engaged.
[    0.965710] AES CTR mode by8 optimization enabled
[    1.146946] input: ImExPS/2 Generic Explorer Mouse as /devices/platform/i8042/serio1/input/input4
[    1.359312] e1000 0000:00:03.0 eth0: (PCI:33MHz:32-bit) 02:11:54:e5:40:72
[    1.361496] e1000 0000:00:03.0 eth0: Intel(R) PRO/1000 Network Connection
[    1.363927] mptbase: ioc0: Initiating bringup
[    1.461483] ioc0: LSI53C1030 A0: Capabilities={Initiator}
[    1.704604] scsi host2: ioc0: LSI53C1030 A0, FwRev=00000000h, Ports=1, MaxQ=256, IRQ=20
[    1.873752] scsi 2:0:0:0: Direct-Access     VBOX     HARDDISK         1.0  PQ: 0 ANSI: 5
[    1.876647] scsi target2:0:0: Beginning Domain Validation
[    1.880546] scsi target2:0:0: Domain Validation skipping write tests
[    1.882216] scsi target2:0:0: Ending Domain Validation
[    1.883694] scsi target2:0:0: asynchronous
[    1.884844] random: fast init done
[    1.886070] scsi 2:0:1:0: Direct-Access     VBOX     HARDDISK         1.0  PQ: 0 ANSI: 5
[    1.888164] scsi target2:0:1: Beginning Domain Validation
[    1.890269] scsi target2:0:1: Domain Validation skipping write tests
[    1.892177] scsi target2:0:1: Ending Domain Validation
[    1.893522] scsi target2:0:1: asynchronous
[    1.899660] random: systemd-udevd: uninitialized urandom read (16 bytes read)
[    1.901925] random: systemd-udevd: uninitialized urandom read (16 bytes read)
[    1.903593] random: systemd-udevd: uninitialized urandom read (16 bytes read)
[    1.905912] sd 2:0:0:0: Attached scsi generic sg0 type 0
[    1.907351] sd 2:0:0:0: [sda] 20971520 512-byte logical blocks: (10.7 GB/10.0 GiB)
[    1.909220] sd 2:0:0:0: [sda] Write Protect is off
[    1.910621] sd 2:0:0:0: [sda] Incomplete mode parameter data
[    1.911854] sd 2:0:0:0: [sda] Assuming drive cache: write through
[    1.913218] sd 2:0:1:0: Attached scsi generic sg1 type 0
[    1.914391] sd 2:0:1:0: [sdb] 20480 512-byte logical blocks: (10.5 MB/10.0 MiB)
[    1.920466] sd 2:0:1:0: [sdb] Write Protect is off
[    1.922077] sd 2:0:1:0: [sdb] Incomplete mode parameter data
[    1.923446] sd 2:0:1:0: [sdb] Assuming drive cache: write through
[    1.935349]  sda: sda1
[    1.937667] sd 2:0:0:0: [sda] Attached SCSI disk
[    1.957288] sd 2:0:1:0: [sdb] Attached SCSI disk
[    2.311015] e1000 0000:00:08.0 eth1: (PCI:33MHz:32-bit) 08:00:27:8f:69:7e
[    2.312853] e1000 0000:00:08.0 eth1: Intel(R) PRO/1000 Network Connection
[    2.315203] e1000 0000:00:08.0 enp0s8: renamed from eth1
[    2.318307] e1000 0000:00:03.0 enp0s3: renamed from eth0
Begin: Loading essential drivers ... [    3.672360] raid6: sse2x1   gen() 11427 MB/s
[    3.731620] raid6: sse2x1   xor() 10366 MB/s
[    3.788758] raid6: sse2x2   gen() 17016 MB/s
[    3.843137] raid6: sse2x2   xor() 10193 MB/s
[    3.896276] raid6: sse2x4   gen() 19432 MB/s
[    3.948777] raid6: sse2x4   xor() 10096 MB/s
[    3.996330] raid6: avx2x1   gen() 23415 MB/s
[    4.056385] raid6: avx2x1   xor() 19528 MB/s
[    4.110580] raid6: avx2x2   gen() 30451 MB/s
[    4.167014] raid6: avx2x2   xor() 19427 MB/s
[    4.217003] raid6: avx2x4   gen() 34347 MB/s
[    4.267055] raid6: avx2x4   xor() 21734 MB/s
[    4.268923] raid6: using algorithm avx2x4 gen() 34347 MB/s
[    4.270775] raid6: .... xor() 21734 MB/s, rmw enabled
[    4.272467] raid6: using avx2x2 recovery algorithm
[    4.275120] xor: automatically using best checksumming function   avx       
[    4.278370] async_tx: api initialized (async)
done.
Begin: Running /scripts/init-premount ... done.
Begin: Mounting root file system ... Begin: Running /scripts/local-top ... done.
Begin: Running /scripts/local-premount ... [    4.323822] Btrfs loaded, crc32c=crc32c-intel
Scanning for Btrfs filesystems
done.
Warning: fsck not present, so skipping root file system
[    4.358145] EXT4-fs (sda1): mounted filesystem with ordered data mode. Opts: (null)
done.
Begin: Running /scripts/local-bottom ... done.
Begin: Running /scripts/init-bottom ... done.
[    4.526278] ip_tables: (C) 2000-2006 Netfilter Core Team
[    4.537113] systemd[1]: systemd 237 running in system mode. (+PAM +AUDIT +SELINUX +IMA +APPARMOR +SMACK +SYSVINIT +UTMP +LIBCRYPTSETUP +GCRYPT +GNUTLS +ACL +XZ +LZ4 +SECCOMP +BLKID +ELFUTILS +KMOD -IDN2 +IDN -PCRE2 default-hierarchy=hybrid)
[    4.541373] systemd[1]: Detected virtualization oracle.
[    4.542426] systemd[1]: Detected architecture x86-64.

Welcome to [1mUbuntu 18.04.4 LTS[0m!

[    4.557415] systemd[1]: Set hostname to <node2>.
[    4.832858] systemd[1]: Reached target User and Group Name Lookups.
[[0;32m  OK  [0m] Reached target User and Group Name Lookups.
[    4.835250] systemd[1]: Reached target Swap.
[[0;32m  OK  [0m] Reached target Swap.
[    4.837452] systemd[1]: Created slice User and Session Slice.
[[0;32m  OK  [0m] Created slice User and Session Slice.
[    4.839201] systemd[1]: Reached target System Time Synchronized.
[[0;32m  OK  [0m] Reached target System Time Synchronized.
[    4.841900] systemd[1]: Set up automount Arbitrary Executable File Formats File System Automount Point.
[[0;32m  OK  [0m] Set up automount Arbitrary Executab…rmats File System Automount Point.
[    4.844976] systemd[1]: Started Forward Password Requests to Wall Directory Watch.
[[0;32m  OK  [0m] Started Forward Password Requests to Wall Directory Watch.
[[0;32m  OK  [0m] Created slice System Slice.
[[0;32m  OK  [0m] Listening on Network Service Netlink Socket.
[[0;32m  OK  [0m] Listening on Syslog Socket.
[[0;32m  OK  [0m] Reached target Slices.
[[0;32m  OK  [0m] Listening on LVM2 metadata daemon socket.
[[0;32m  OK  [0m] Listening on Journal Socket.
         Mounting POSIX Message Queue File System...
[[0;32m  OK  [0m] Created slice system-serial\x2dgetty.slice.
[[0;32m  OK  [0m] Listening on udev Control Socket.
         Mounting Huge Pages File System...
[[0;32m  OK  [0m] Listening on Journal Socket (/dev/log).
[[0;32m  OK  [0m] Listening on RPCbind Server Activation Socket.
         Starting Load Kernel Modules...
[[0;32m  OK  [0m] Listening on LVM2 poll daemon socket.
         Starting Create list of required st…ce nodes for the current kernel...
[[0;32m  OK  [0m] Listening on Device-mapper event daemon FIFOs.
[    4.989729] Loading iSCSI transport class v2.0-870.
[    4.995612] iscsi: registered transport (tcp)
[[0;32m  OK  [0m] Listening on udev Kernel Socket.
         Starting udev Coldplug all Devices...
         Starting Remount Root and Kernel File Systems...
[[0;32m  OK  [0m] Listening on Journal Audit Socket.
         Starting Journal Service...
         Starting Monitoring of LVM2 mirrors…ng dmeventd or progress polling...
[[0;32m  OK  [0m] Listening on /dev/initctl Compatibility Named Pipe.
         Mounting Kernel Debug File System...
         Starting Uncomplicated firewall...
         Mounting RPC Pipe File System...
         Starting Set the console keyboard layout...
[[0;32m  OK  [0m] Mounted POSIX Message Queue File System.
[[0;32m  OK  [0m] Mounted Huge Pages File System.
[[0;32m  OK  [0m] Started Create list of required sta…vice nodes for the current kernel.
[[0;32m  OK  [0m] Mounted Kernel Debug File System.
[[0;32m  OK  [0m] Started LVM2 metadata daemon.
         Starting Create Static Device Nodes in /dev...
[    5.065144] EXT4-fs (sda1): re-mounted. Opts: (null)
[[0;32m  OK  [0m] Started Remount Root and Kernel File Systems.
         Starting Load/Save Random Seed...
[    5.094733] iscsi: registered transport (iser)
[[0;32m  OK  [0m] Started Load Kernel Modules.
[[0;32m  OK  [0m] Started Journal Service.
[[0;32m  OK  [0m] Started udev Coldplug all Devices.
         Starting Flush Journal to Persistent Storage...
         Starting Apply Kernel Variables...
         Mounting Kernel Configuration File System...
[    5.173627] RPC: Registered named UNIX socket transport module.
[    5.175374] RPC: Registered udp transport module.
[    5.176652] RPC: Registered tcp transport module.
[    5.177982] RPC: Registered tcp NFSv4.1 backchannel transport module.
         Mounting FUSE Control File System...
[[0;32m  OK  [0m] Started Uncomplicated firewall.
[[0;32m  OK  [0m] Mounted RPC Pipe File System.
[[0;32m  OK  [0m] Started Load/Save Random Seed.
[[0;32m  OK  [0m] Mounted Kernel Configuration File System.
[[0;32m  OK  [0m] Mounted FUSE Control File System.
[[0;32m  OK  [0m] Started Create Static Device Nodes in /dev.
         Starting udev Kernel Device Manager...
[[0;32m  OK  [0m] Started Monitoring of LVM2 mirrors,…sing dmeventd or progress polling.
[    5.228675] systemd-journald[389]: Received request to flush runtime journal from PID 1
[[0;32m  OK  [0m] Started udev Kernel Device Manager.
[[0;32m  OK  [0m] Started Apply Kernel Variables.
[[0;32m  OK  [0m] Started Flush Journal to Persistent Storage.
[[0;32m  OK  [0m] Found device /dev/ttyS0.
[[0;32m  OK  [0m] Listening on Load/Save RF Kill Switch Status /dev/rfkill Watch.
[[0;32m  OK  [0m] Started Set the console keyboard layout.
[[0;32m  OK  [0m] Started Dispatch Password Requests to Console Directory Watch.
[[0;32m  OK  [0m] Reached target Local Encrypted Volumes.
[[0;32m  OK  [0m] Reached target Local File Systems (Pre).
[[0;32m  OK  [0m] Reached target Local File Systems.
         Starting AppArmor initialization...
         Starting Set console font and keymap...
         Starting Tell Plymouth To Write Out Runtime Data...
         Starting ebtables ruleset management...
         Starting Preprocess NFS configuration...
         Starting Create Volatile Files and Directories...
[[0;32m  OK  [0m] Started Set console font and keymap.
[[0;32m  OK  [0m] Started Tell Plymouth To Write Out Runtime Data.
[[0;32m  OK  [0m] Started Preprocess NFS configuration.
[[0;32m  OK  [0m] Reached target NFS client services.
[[0;32m  OK  [0m] Started Create Volatile Files and Directories.
         Starting RPC bind portmap service...
         Starting Update UTMP about System Boot/Shutdown...
[[0;32m  OK  [0m] Started RPC bind portmap service.
[[0;32m  OK  [0m] Started Update UTMP about System Boot/Shutdown.
[[0;32m  OK  [0m] Reached target RPC Port Mapper.
[[0;32m  OK  [0m] Started ebtables ruleset management.
[[0;32m  OK  [0m] Started AppArmor initialization.
         Starting Initial cloud-init job (pre-networking)...
[    7.804097] cloud-init[615]: Cloud-init v. 19.4-33-gbb4131a2-0ubuntu1~18.04.1 running 'init-local' at Sun, 03 May 2020 06:51:04 +0000. Up 7.64 seconds.
[[0;32m  OK  [0m] Started Initial cloud-init job (pre-networking).
[[0;32m  OK  [0m] Reached target Network (Pre).
         Starting Network Service...
[[0;32m  OK  [0m] Started Network Service.
         Starting Network Name Resolution...
         Starting Wait for Network to be Configured...
[[0;32m  OK  [0m] Started Network Name Resolution.
[[0;32m  OK  [0m] Reached target Network.
[[0;32m  OK  [0m] Reached target Host and Network Name Lookups.
[[0;32m  OK  [0m] Started Wait for Network to be Configured.
         Starting Initial cloud-init job (metadata service crawler)...
[    9.790120] cloud-init[720]: Cloud-init v. 19.4-33-gbb4131a2-0ubuntu1~18.04.1 running 'init' at Sun, 03 May 2020 06:51:06 +0000. Up 9.66 seconds.
[    9.791882] cloud-init[720]: ci-info: ++++++++++++++++++++++++++++++++++++++Net device info+++++++++++++++++++++++++++++++++++++++
[    9.796184] cloud-init[720]: ci-info: +--------+------+-----------------------------+---------------+--------+-------------------+
[    9.800361] cloud-init[720]: ci-info: | Device |  Up  |           Address           |      Mask     | Scope  |     Hw-Address    |
[    9.803088] cloud-init[720]: ci-info: +--------+------+-----------------------------+---------------+--------+-------------------+
[    9.807370] cloud-init[720]: ci-info: | enp0s3 | True |          10.0.2.15          | 255.255.255.0 | global | 02:11:54:e5:40:72 |
[    9.813053] cloud-init[720]: ci-info: | enp0s3 | True |  fe80::11:54ff:fee5:4072/64 |       .       |  link  | 02:11:54:e5:40:72 |
[    9.818455] cloud-init[720]: ci-info: | enp0s8 | True |         172.16.20.13        | 255.255.255.0 | global | 08:00:27:8f:69:7e |
[    9.826951] cloud-init[720]: ci-info: | enp0s8 | True | fe80::a00:27ff:fe8f:697e/64 |       .       |  link  | 08:00:27:8f:69:7e |
[    9.831732] cloud-init[720]: ci-info: |   lo   | True |          127.0.0.1          |   255.0.0.0   |  host  |         .         |
[    9.840250] cloud-init[720]: ci-info: |   lo   | True |           ::1/128           |       .       |  host  |         .         |
[    9.848404] cloud-init[720]: ci-info: +--------+------+-----------------------------+---------------+--------+-------------------+
[    9.854002] cloud-init[720]: ci-info: ++++++++++++++++++++++++++++Route IPv4 info+++++++++++++++++++++++++++++
[    9.858521] cloud-init[720]: ci-info: +-------+-------------+----------+-----------------+-----------+-------+
[    9.863501] cloud-init[720]: ci-info: | Route | Destination | Gateway  |     Genmask     | Interface | Flags |
[    9.865876] cloud-init[720]: ci-info: +-------+-------------+----------+-----------------+-----------+-------+
[    9.871422] cloud-init[720]: ci-info: |   0   |   0.0.0.0   | 10.0.2.2 |     0.0.0.0     |   enp0s3  |   UG  |
[    9.873771] cloud-init[720]: ci-info: |   1   |   10.0.2.0  | 0.0.0.0  |  255.255.255.0  |   enp0s3  |   U   |
[    9.877513] cloud-init[720]: ci-info: |   2   |   10.0.2.2  | 0.0.0.0  | 255.255.255.255 |   enp0s3  |   UH  |
[    9.880799] cloud-init[720]: ci-info: |   3   | 172.16.20.0 | 0.0.0.0  |  255.255.255.0  |   enp0s8  |   U   |
[    9.886916] cloud-init[720]: ci-info: +-------+-------------+----------+-----------------+-----------+-------+
[    9.896337] cloud-init[720]: ci-info: +++++++++++++++++++Route IPv6 info+++++++++++++++++++
[    9.900256] cloud-init[720]: ci-info: +-------+-------------+---------+-----------+-------+
[    9.904301] cloud-init[720]: ci-info: | Route | Destination | Gateway | Interface | Flags |
[    9.906228] cloud-init[720]: ci-info: +-------+-------------+---------+-----------+-------+
[    9.911102] cloud-init[720]: ci-info: |   1   |  fe80::/64  |    ::   |   enp0s8  |   U   |
[    9.912607] cloud-init[720]: ci-info: |   2   |  fe80::/64  |    ::   |   enp0s3  |   U   |
[    9.914128] cloud-init[720]: ci-info: |   4   |    local    |    ::   |   enp0s3  |   U   |
[    9.916969] cloud-init[720]: ci-info: |   5   |    local    |    ::   |   enp0s8  |   U   |
[    9.920022] cloud-init[720]: ci-info: |   6   |   ff00::/8  |    ::   |   enp0s8  |   U   |
[    9.922796] cloud-init[720]: ci-info: |   7   |   ff00::/8  |    ::   |   enp0s3  |   U   |
[    9.936229] cloud-init[720]: ci-info: +-------+-------------+---------+-----------+-------+
[[0;32m  OK  [0m] Started Initial cloud-init job (metadata service crawler).
[[0;32m  OK  [0m] Reached target System Initialization.
[[0;32m  OK  [0m] Started Daily Cleanup of Temporary Directories.
[[0;32m  OK  [0m] Listening on UUID daemon activation socket.
         Starting Docker Socket for the API.
[[0;32m  OK  [0m] Started Message of the Day.
         Starting Socket activation for snappy daemon.
[[0;32m  OK  [0m] Listening on D-Bus System Message Bus Socket.
[[0;32m  OK  [0m] Listening on Open-iSCSI iscsid Socket.
         Starting LXD - unix socket.
[[0;32m  OK  [0m] Started Discard unused blocks once a week.
[[0;32m  OK  [0m] Listening on ACPID Listen Socket.
[[0;32m  OK  [0m] Started Daily apt download activities.
[[0;32m  OK  [0m] Started ACPI Events Check.
[[0;32m  OK  [0m] Reached target Paths.
[[0;32m  OK  [0m] Started Daily apt upgrade and clean activities.
[[0;32m  OK  [0m] Reached target Timers.
[[0;32m  OK  [0m] Reached target Cloud-config availability.
[[0;32m  OK  [0m] Reached target Network is Online.
[[0;32m  OK  [0m] Reached target Remote File Systems (Pre).
[[0;32m  OK  [0m] Reached target Remote File Systems.
         Starting Availability of block devices...
[[0;32m  OK  [0m] Listening on Docker Socket for the API.
[[0;32m  OK  [0m] Listening on Socket activation for snappy daemon.
[[0;32m  OK  [0m] Listening on LXD - unix socket.
[[0;32m  OK  [0m] Started Availability of block devices.
[[0;32m  OK  [0m] Reached target Sockets.
[[0;32m  OK  [0m] Reached target Basic System.
         Starting LXD - container startup/shutdown...
         Starting Dispatcher daemon for systemd-networkd...
[[0;32m  OK  [0m] Started FUSE filesystem for LXC.
[[0;32m  OK  [0m] Started Deferred execution scheduler.
         Starting Login Service...
         Starting Virtualbox guest utils...
[[0;32m  OK  [0m] Started Regular background program processing daemon.
[[0;32m  OK  [0m] Started kubelet: The Kubernetes Node Agent.
         Starting Accounts Service...
         Starting System Logging Service...
         Starting LSB: automatic crash report generation...
         Starting OpenBSD Secure Shell server...
[[0;32m  OK  [0m] Started D-Bus System Message Bus.
[[0;32m  OK  [0m] Started Login Service.
[[0;32m  OK  [0m] Started irqbalance daemon.
         Starting Snappy daemon...
[[0;32m  OK  [0m] Started Unattended Upgrades Shutdown.
         Starting LSB: Record successful boot for GRUB...
         Starting Permit User Sessions...
         Starting Docker Application Container Engine...
[[0;32m  OK  [0m] Started System Logging Service.
[[0;32m  OK  [0m] Started OpenBSD Secure Shell server.
[[0;32m  OK  [0m] Started Permit User Sessions.
         Starting Hold until boot process finishes up...
         Starting Terminate Plymouth Boot Screen...
[[0;32m  OK  [0m] Started Hold until boot process finishes up.
         Starting Set console scheme...
[[0;32m  OK  [0m] Started Serial Getty on ttyS0.
[[0;32m  OK  [0m] Started Terminate Plymouth Boot Screen.
[[0;32m  OK  [0m] Started LXD - container startup/shutdown.
[[0;32m  OK  [0m] Started Set console scheme.
[[0;32m  OK  [0m] Created slice system-getty.slice.
[[0;32m  OK  [0m] Started Getty on tty1.
[[0;32m  OK  [0m] Reached target Login Prompts.
         Starting Authorization Manager...
[[0;32m  OK  [0m] Started Dispatcher daemon for systemd-networkd.
[[0;32m  OK  [0m] Started LSB: automatic crash report generation.
[[0;32m  OK  [0m] Started Authorization Manager.
[[0;32m  OK  [0m] Started Accounts Service.
[[0;32m  OK  [0m] Started Virtualbox guest utils.
[[0;32m  OK  [0m] Created slice User Slice of vagrant.
         Starting User Manager for UID 1000...
[[0;32m  OK  [0m] Started Session 1 of user vagrant.
[[0;32m  OK  [0m] Started LSB: Record successful boot for GRUB.
[[0;32m  OK  [0m] Started User Manager for UID 1000.
[[0;32m  OK  [0m] Started Snappy daemon.
         Starting Wait until snapd is fully seeded...
[[0;32m  OK  [0m] Started Kubernetes systemd probe.
[[0;32m  OK  [0m] Started Wait until snapd is fully seeded.
         Starting Apply the settings specified in cloud-config...
[   13.058285] cloud-init[1117]: Cloud-init v. 19.4-33-gbb4131a2-0ubuntu1~18.04.1 running 'modules:config' at Sun, 03 May 2020 06:51:09 +0000. Up 12.91 seconds.
[[0;32m  OK  [0m] Started Apply the settings specified in cloud-config.
[[0;32m  OK  [0m] Started Docker Application Container Engine.
[[0;32m  OK  [0m] Reached target Multi-User System.
[[0;32m  OK  [0m] Reached target Graphical Interface.
         Starting Update UTMP about System Runlevel Changes...
         Starting Execute cloud user/final scripts...
[[0;32m  OK  [0m] Started Update UTMP about System Runlevel Changes.
[   14.421638] cloud-init[1456]: Cloud-init v. 19.4-33-gbb4131a2-0ubuntu1~18.04.1 running 'modules:final' at Sun, 03 May 2020 06:51:11 +0000. Up 14.32 seconds.
[   14.432312] cloud-init[1456]: Cloud-init v. 19.4-33-gbb4131a2-0ubuntu1~18.04.1 finished at Sun, 03 May 2020 06:51:11 +0000. Datasource DataSourceNoCloud [seed=/dev/sdb][dsmode=net].  Up 14.41 seconds
[[0;32m  OK  [0m] Started Execute cloud user/final scripts.
[[0;32m  OK  [0m] Reached target Cloud-init target.

Ubuntu[[0;32m  OK  [0m] Stopped target Host and Network Name Lookups.
         Stopping Availability of block devices...
[[0;32m  OK  [0m] Stopped t         Unmounting RPC Pipe File System...
         Stopping Session 24 of user vagrant.
[[0;32m  OK  [0m] Stopped target Timers.
[[0;32m  OK  [0m] Stopped target Host and Network Name Lookups.
[[0;32m  OK  [0m] Stopped target Cloud-init target.
         Stopping User Manager for UID 1000...
         Stopping Authorization Manager...
[[0;32m  OK  [0m] Stopped target Graphical Interface.
         Stopping Accounts Service...
[[0;32m  OK  [0m] Stopped target RPC Port Mapper.
[[0;32m  OK  [0m] Stopped Daily Cleanup of Temporary Directories.
[[0;32m  OK  [0m] Stopped Message of the Day.
[[0;32m  OK  [0m] Stopped Execute cloud 
         Stopping Serial Getty on ttyS0...
         Stopping Getty on tty1...
         Stopping Deferred execution scheduler...
         Stopping LSB: automatic crash report generation...
         Stopping LXD - container startup/shutdown...
         Stopping LSB: Record successful boot for GRUB...
         Stopping System Logging Service...
         Stopping irqbalance daemon...
         Stopping kubelet: The Kubernetes Node Agent...
         Stopping OpenBSD Secure Shell server...
         Stopping Regular background program processing daemon...
         Stopping Docker Application Container Engine...
         Stopping Unattended Upgrades Shutdown...
         Stopping Availability of block devices...
         Stopping FUSE filesystem for LXC...
[[0;32m  OK  [0m] Stopped Wait until snapd is fully seeded.
[[0;32m  OK  [0m] Stopped Daily apt upgrade and clean activities.
[[0;32m  OK  [0m] Closed Load/Save RF Kill Switch Status /dev/rfkill Watch.
         Stopping Virtualbox guest utils...
         Stopping Dispatcher daemon for systemd-networkd...
         Stopping D-Bus System Message Bus...
[[0;32m  OK  [0m] Stopped Daily apt download activities.
[[0;32m  OK  [0m] Stopped Discard unused blocks once a week.
[[0;32m  OK  [0m] Stopped target System Time Synchronized.
[[0;32m  OK  [0m] Unmounted /var/lib/lxcfs.
[[0;32m  OK  [0m] Stopped kubelet: The Kubernetes Node Agent.
[[0;32m  OK  [0m] Stopped System Logging Service.
[[0;32m  OK  [0m] Stopped Regular background program processing daemon.
[[0;32m  OK  [0m] Stopped Deferred execution scheduler.
[[0;32m  OK  [0m] Stopped Dispatcher daemon for systemd-networkd.
[[0;32m  OK  [0m] Stopped irqbalance daemon.
[[0;32m  OK  [0m] Stopped Accounts Service.
[[0;32m  OK  [0m] Stopped OpenBSD Secure Shell server.
[[0;32m  OK  [0m] Stopped Serial Getty on ttyS0.
[[0;32m  OK  [0m] Stopped Getty on tty1.
[[0;32m  OK  [0m] Stopped Authorization Manager.
[[0;32m  OK  [0m] Stopped User Manager for UID 1000.
[[0;32m  OK  [0m] Unmounted RPC Pipe File System.
[[0;32m  OK  [0m] Stopped D-Bus System Message Bus.
[[0;32m  OK  [0m] Stopped Unattended Upgrades Shutdown.
[[0;32m  OK  [0m] Stopped FUSE filesystem for LXC.
[[0;32m  OK  [0m] Stopped Session 24 of user vagrant.
[[0;32m  OK  [0m] Stopped Availability of block devices.
[[0;32m  OK  [0m] Removed slice User Slice of vagrant.
         Stopping Login Service...
[[0;32m  OK  [0m] Removed slice system-getty.slice.
[[0;32m  OK  [0m] Removed slice system-serial\x2dgetty.slice.
         Stopping Permit User Sessions...
[[0;32m  OK  [0m] Stopped LXD - container startup/shutdown.
[[0;32m  OK  [0m] Stopped Permit User Sessions.
[[0;32m  OK  [0m] Stopped Login Service.
[[0;32m  OK  [0m] Stopped target User and Group Name Lookups.
[[0;32m  OK  [0m] Stopped LSB: Record successful boot for GRUB.
[[0;32m  OK  [0m] Stopped LSB: automatic crash report generation.
[[0;32m  OK  [0m] Stopped target Remote File Systems.
[[0;32m  OK  [0m] Stopped target Remote File Systems (Pre).
[[0;32m  OK  [0m] Stopped target NFS client services.
[[0;32m  OK  [0m] Stopped Virtualbox guest utils.
[[0;32m  OK  [0m] Unmounted /var/lib/docker/container…c8f4f9467a9929f355a329/mounts/shm.
[[0;32m  OK  [0m] Unmounted /var/lib/docker/overlay2/…8f6f0d137578987a59d0bfc57b/merged.
[[0;32m  OK  [0m] Unmounted /var/lib/docker/container…9bfe4f07dc6186a566d596/mounts/shm.
[[0;32m  OK  [0m] Unmounted /var/lib/docker/overlay2/…24926f9a2a50f13aafecc1b522/merged.
[[0;32m  OK  [0m] Unmounted /var/lib/docker/overlay2/…0de983525475c960c327a8697e/merged.
[[0;32m  OK  [0m] Unmounted /run/docker/netns/24d953635579.
[[0;32m  OK  [0m] Unmounted /var/lib/docker/overlay2/…ff2f6c8fc44e31615b9c8dfe21/merged.
[[0;32m  OK  [0m] Unmounted /var/lib/docker/container…3ce67ed561c1ee40a20cd6/mounts/shm.
[[0;32m  OK  [0m] Unmounted /var/lib/docker/container…c282f01155cd8c3ab81e6d/mounts/shm.
[[0;32m  OK  [0m] Unmounted /var/lib/docker/overlay2/…9c397729c0b1d78d2c712871f4/merged.
[[0;32m  OK  [0m] Unmounted /var/lib/docker/overlay2/…fa2b5b7d8ec349e2cb061545d4/merged.
[[0;32m  OK  [0m] Unmounted /var/lib/docker/container…f5eec08f500d050c660b9e/mounts/shm.
[[0;32m  OK  [0m] Unmounted /var/lib/docker/overlay2/…d37f2860a59f5648e650024632/merged.
[[0;32m  OK  [0m] Unmounted /var/lib/docker/overlay2/…b490ab6a6689134924fa7503c2/merged.
[[0;32m  OK  [0m] Unmounted /var/lib/docker/overlay2/…930da34748a9127627eb2e33fe/merged.
[[0;32m  OK  [0m] Unmounted /var/lib/docker/container…a5db615451314bbc78b2ae/mounts/shm.
[[0;32m  OK  [0m] Unmounted /var/lib/docker/container…c119a5e17d5205b8367c72/mounts/shm.
[[0;32m  OK  [0m] Unmounted /run/docker/netns/d87e803a5b5d.
[[0;32m  OK  [0m] Unmounted /var/lib/docker/overlay2/…281a15214b6fc83aa5c4be7d1b/merged.
[[0;32m  OK  [0m] Unmounted /var/lib/docker/overlay2/…ee913123678890681fa89fe4f5/merged.
[[0;32m  OK  [0m] Unmounted /var/lib/docker/container…9ec6fab5b0a032ed28e5ef/mounts/shm.
[[0;32m  OK  [0m] Unmounted /var/lib/docker/overlay2/…3b5b47ce8f62aed05fdb898970/merged.
[[0;32m  OK  [0m] Unmounted /var/lib/docker/overlay2/…684d25c5f6c0bc9b1a144f402c/merged.
[[0;32m  OK  [0m] Unmounted /var/lib/docker/overlay2/…b2137f22f3bac6eda794600311/merged.
[   [0;31m*[0;1;31m*[0m[0;31m*[0m] A stop job is running for Docker Ap…n Container Engine (6s / 1min 30s)[K[    [0;31m*[0;1;31m*[0m] A stop job is running for Docker Ap…n Container Engine (7s / 1min 30s)[K[     [0;31m*[0m] A stop job is running for Docker Ap…n Container Engine (8s / 1min 30s)[K[    [0;31m*[0;1;31m*[0m] A stop job is running for Docker Ap…n Container Engine (8s / 1min 30s)[K[   [0;31m*[0;1;31m*[0m[0;31m*[0m] A stop job is running for Docker Ap…n Container Engine (9s / 1min 30s)[K[  [0;31m*[0;1;31m*[0m[0;31m* [0m] A stop job is running for Docker Ap…n Container Engine (9s / 1min 30s)[K[ [0;31m*[0;1;31m*[0m[0;31m*  [0m] A stop job is running for Docker Ap… Container Engine (10s / 1min 30s)[K[[0;31m*[0;1;31m*[0m[0;31m*   [0m] A stop job is running for Docker Ap… Container Engine (10s / 1min 30s)[K[[0;32m  OK  [0m] Unmounted /var/lib/docker/overlay2/…fd1cf7a86cc034ceb2a0330cc5/merged.
[[0;32m  OK  [0m] Unmounted /var/lib/docker/overlay2/…a3478a15c0c981755d2517983b/merged.
[[0;32m  OK  [0m] Stopped Docker Application Container Engine.
[[0;32m  OK  [0m] Stopped target Basic System.
[[0;32m  OK  [0m] Stopped target Paths.
[[0;32m  OK  [0m] Stopped ACPI Events Check.
[[0;32m  OK  [0m] Stopped target Sockets.
[[0;32m  OK  [0m] Closed Socket activation for snappy daemon.
[[0;32m  OK  [0m] Closed UUID daemon activation socket.
[[0;32m  OK  [0m] Closed ACPID Listen Socket.
[[0;32m  OK  [0m] Closed D-Bus System Message Bus Socket.
[[0;32m  OK  [0m] Closed Open-iSCSI iscsid Socket.
[[0;32m  OK  [0m] Closed LXD - unix socket.
[[0;32m  OK  [0m] Closed Syslog Socket.
[[0;32m  OK  [0m] Stopped target Slices.
[[0;32m  OK  [0m] Removed slice User and Session Slice.
[[0;32m  OK  [0m] Stopped target Network is Online.
[[0;32m  OK  [0m] Stopped target Network.
         Stopping Network Name Resolution...
[[0;32m  OK  [0m] Closed Docker Socket for the API.
[[0;32m  OK  [0m] Stopped target System Initialization.
         Stopping Update UTMP about System Boot/Shutdown...
[[0;32m  OK  [0m] Stopped target Local Encrypted Volumes.
[[0;32m  OK  [0m] Stopped Dispatch Password Requests to Console Directory Watch.
[[0;32m  OK  [0m] Stopped Forward Password Requests to Wall Directory Watch.
         Stopping Load/Save Random Seed...
[[0;32m  OK  [0m] Stopped Initial cloud-init job (metadata service crawler).
[[0;32m  OK  [0m] Stopped Network Name Resolution.
[[0;32m  OK  [0m] Stopped Load/Save Random Seed.
         Stopping Network Service...
[[0;32m  OK  [0m] Stopped Update UTMP about System Boot/Shutdown.
[[0;32m  OK  [0m] Stopped Create Volatile Files and Directories.
[[0;32m  OK  [0m] Stopped target Local File Systems.
         Unmounting /run/user/1000...
         Unmounting /var/lib/kubelet/pods/ac…o~secret/kube-proxy-token-7rwv9...
         Unmounting /var/lib/kubelet/pods/ac…s.io~secret/flannel-token-8dptt...
         Unmounting /vagrant...
         Unmounting /var/lib/kubelet/pods/ab…s.io~secret/coredns-token-wnbwx...
         Unmounting /run/docker/netns/default...
         Unmounting /var/lib/kubelet/pods/ab…s.io~secret/coredns-token-wnbwx...
[[0;32m  OK  [0m] Stopped Network Service.
[[0;32m  OK  [0m] Unmounted /run/user/1000.
[[0;32m  OK  [0m] Unmounted /var/lib/kubelet/pods/ac0….io~secret/kube-proxy-token-7rwv9.
[[0;32m  OK  [0m] Unmounted /var/lib/kubelet/pods/ac0…tes.io~secret/flannel-token-8dptt.
[[0;32m  OK  [0m] Stopped Apply Kernel Variables.
[[0;32m  OK  [0m] Stopped Load Kernel Modules.
[[0;32m  OK  [0m] Stopped target Network (Pre).
[[0;32m  OK  [0m] Stopped Initial cloud-init job (pre-networking).
[[0;32m  OK  [0m] Unmounted /vagrant.
[[0;32m  OK  [0m] Unmounted /var/lib/kubelet/pods/abd…tes.io~secret/coredns-token-wnbwx.
[[0;32m  OK  [0m] Unmounted /run/docker/netns/default.
[[0;32m  OK  [0m] Unmounted /var/lib/kubelet/pods/abd…tes.io~secret/coredns-token-wnbwx.
[[0;32m  OK  [0m] Stopped target Swap.
[[0;32m  OK  [0m] Reached target Unmount All Filesystems.
[[0;32m  OK  [0m] Stopped target Local File Systems (Pre).
         Stopping Monitoring of LVM2 mirrors…ng dmeventd or progress polling...
[[0;32m  OK  [0m] Stopped Remount Root and Kernel File Systems.
[[0;32m  OK  [0m] Stopped Create Static Device Nodes in /dev.
[[0;32m  OK  [0m] Reached target Shutdown.
[[0;32m  OK  [0m] Reached target Final Step.
         Starting Power-Off...
[[0;32m  OK  [0m] Stopped Monitoring of LVM2 mirrors,…sing dmeventd or progress polling.
         Stopping LVM2 metadata daemon...
[[0;32m  OK  [0m] Stopped LVM2 metadata daemon.
[34411.242853] reboot: Power down
