[    0.000000] Initializing cgroup subsys cpuset
[    0.000000] Initializing cgroup subsys cpu
[    0.000000] Initializing cgroup subsys cpuacct
[    0.000000] Linux version 4.4.0-177-generic (buildd@lgw01-amd64-035) (gcc version 5.4.0 20160609 (Ubuntu 5.4.0-6ubuntu1~16.04.12) ) #207-Ubuntu SMP Mon Mar 16 01:16:10 UTC 2020 (Ubuntu 4.4.0-177.207-generic 4.4.214)
[    0.000000] Command line: BOOT_IMAGE=/boot/vmlinuz-4.4.0-177-generic root=LABEL=cloudimg-rootfs ro console=tty1 console=ttyS0
[    0.000000] KERNEL supported cpus:
[    0.000000]   Intel GenuineIntel
[    0.000000]   AMD AuthenticAMD
[    0.000000]   Centaur CentaurHauls
[    0.000000] x86/fpu: xstate_offset[2]:  576, xstate_sizes[2]:  256
[    0.000000] x86/fpu: Supporting XSAVE feature 0x01: 'x87 floating point registers'
[    0.000000] x86/fpu: Supporting XSAVE feature 0x02: 'SSE registers'
[    0.000000] x86/fpu: Supporting XSAVE feature 0x04: 'AVX registers'
[    0.000000] x86/fpu: Enabled xstate features 0x7, context size is 832 bytes, using 'standard' format.
[    0.000000] e820: BIOS-provided physical RAM map:
[    0.000000] BIOS-e820: [mem 0x0000000000000000-0x000000000009fbff] usable
[    0.000000] BIOS-e820: [mem 0x000000000009fc00-0x000000000009ffff] reserved
[    0.000000] BIOS-e820: [mem 0x00000000000f0000-0x00000000000fffff] reserved
[    0.000000] BIOS-e820: [mem 0x0000000000100000-0x000000007ffeffff] usable
[    0.000000] BIOS-e820: [mem 0x000000007fff0000-0x000000007fffffff] ACPI data
[    0.000000] BIOS-e820: [mem 0x00000000fec00000-0x00000000fec00fff] reserved
[    0.000000] BIOS-e820: [mem 0x00000000fee00000-0x00000000fee00fff] reserved
[    0.000000] BIOS-e820: [mem 0x00000000fffc0000-0x00000000ffffffff] reserved
[    0.000000] NX (Execute Disable) protection: active
[    0.000000] SMBIOS 2.5 present.
[    0.000000] Hypervisor detected: KVM
[    0.000000] e820: last_pfn = 0x7fff0 max_arch_pfn = 0x400000000
[    0.000000] MTRR: Disabled
[    0.000000] x86/PAT: MTRRs disabled, skipping PAT initialization too.
[    0.000000] CPU MTRRs all blank - virtualized system.
[    0.000000] x86/PAT: Configuration [0-7]: WB  WT  UC- UC  WB  WT  UC- UC  
[    0.000000] found SMP MP-table at [mem 0x0009fff0-0x0009ffff] mapped at [ffff88000009fff0]
[    0.000000] Scanning 1 areas for low memory corruption
[    0.000000] RAMDISK: [mem 0x362e4000-0x37169fff]
[    0.000000] ACPI: Early table checksum verification disabled
[    0.000000] ACPI: RSDP 0x00000000000E0000 000024 (v02 VBOX  )
[    0.000000] ACPI: XSDT 0x000000007FFF0030 00003C (v01 VBOX   VBOXXSDT 00000001 ASL  00000061)
[    0.000000] ACPI: FACP 0x000000007FFF00F0 0000F4 (v04 VBOX   VBOXFACP 00000001 ASL  00000061)
[    0.000000] ACPI: DSDT 0x000000007FFF0470 002325 (v02 VBOX   VBOXBIOS 00000002 INTL 20100528)
[    0.000000] ACPI: FACS 0x000000007FFF0200 000040
[    0.000000] ACPI: FACS 0x000000007FFF0200 000040
[    0.000000] ACPI: APIC 0x000000007FFF0240 00005C (v02 VBOX   VBOXAPIC 00000001 ASL  00000061)
[    0.000000] ACPI: SSDT 0x000000007FFF02A0 0001CC (v01 VBOX   VBOXCPUT 00000002 INTL 20100528)
[    0.000000] No NUMA configuration found
[    0.000000] Faking a node at [mem 0x0000000000000000-0x000000007ffeffff]
[    0.000000] NODE_DATA(0) allocated [mem 0x7ffeb000-0x7ffeffff]
[    0.000000] kvm-clock: Using msrs 4b564d01 and 4b564d00
[    0.000000] kvm-clock: cpu 0, msr 0:7ffe3001, primary cpu clock
[    0.000000] kvm-clock: using sched offset of 3682543212 cycles
[    0.000000] clocksource: kvm-clock: mask: 0xffffffffffffffff max_cycles: 0x1cd42e4dffb, max_idle_ns: 881590591483 ns
[    0.000000] Zone ranges:
[    0.000000]   DMA      [mem 0x0000000000001000-0x0000000000ffffff]
[    0.000000]   DMA32    [mem 0x0000000001000000-0x000000007ffeffff]
[    0.000000]   Normal   empty
[    0.000000]   Device   empty
[    0.000000] Movable zone start for each node
[    0.000000] Early memory node ranges
[    0.000000]   node   0: [mem 0x0000000000001000-0x000000000009efff]
[    0.000000]   node   0: [mem 0x0000000000100000-0x000000007ffeffff]
[    0.000000] Initmem setup node 0 [mem 0x0000000000001000-0x000000007ffeffff]
[    0.000000] ACPI: PM-Timer IO Port: 0x4008
[    0.000000] IOAPIC[0]: apic_id 2, version 32, address 0xfec00000, GSI 0-23
[    0.000000] ACPI: INT_SRC_OVR (bus 0 bus_irq 0 global_irq 2 dfl dfl)
[    0.000000] ACPI: INT_SRC_OVR (bus 0 bus_irq 9 global_irq 9 low level)
[    0.000000] Using ACPI (MADT) for SMP configuration information
[    0.000000] smpboot: Allowing 2 CPUs, 0 hotplug CPUs
[    0.000000] PM: Registered nosave memory: [mem 0x00000000-0x00000fff]
[    0.000000] PM: Registered nosave memory: [mem 0x0009f000-0x0009ffff]
[    0.000000] PM: Registered nosave memory: [mem 0x000a0000-0x000effff]
[    0.000000] PM: Registered nosave memory: [mem 0x000f0000-0x000fffff]
[    0.000000] e820: [mem 0x80000000-0xfebfffff] available for PCI devices
[    0.000000] Booting paravirtualized kernel on KVM
[    0.000000] clocksource: refined-jiffies: mask: 0xffffffff max_cycles: 0xffffffff, max_idle_ns: 7645519600211568 ns
[    0.000000] setup_percpu: NR_CPUS:512 nr_cpumask_bits:512 nr_cpu_ids:2 nr_node_ids:1
[    0.000000] PERCPU: Embedded 33 pages/cpu @ffff88007fc00000 s95448 r8192 d31528 u1048576
[    0.000000] Built 1 zonelists in Node order, mobility grouping on.  Total pages: 515960
[    0.000000] Policy zone: DMA32
[    0.000000] Kernel command line: BOOT_IMAGE=/boot/vmlinuz-4.4.0-177-generic root=LABEL=cloudimg-rootfs ro console=tty1 console=ttyS0
[    0.000000] PID hash table entries: 4096 (order: 3, 32768 bytes)
[    0.000000] Memory: 2029872K/2096696K available (8626K kernel code, 1336K rwdata, 4036K rodata, 1488K init, 1292K bss, 66824K reserved, 0K cma-reserved)
[    0.000000] SLUB: HWalign=64, Order=0-3, MinObjects=0, CPUs=2, Nodes=1
[    0.000000] Kernel/User page tables isolation: enabled
[    0.000000] Hierarchical RCU implementation.
[    0.000000] 	Build-time adjustment of leaf fanout to 64.
[    0.000000] 	RCU restricting CPUs from NR_CPUS=512 to nr_cpu_ids=2.
[    0.000000] RCU: Adjusting geometry for rcu_fanout_leaf=64, nr_cpu_ids=2
[    0.000000] NR_IRQS:33024 nr_irqs:440 16
[    0.000000] Console: colour VGA+ 80x25
[    0.000000] console [tty1] enabled
[    0.000000] console [ttyS0] enabled
[    0.000000] tsc: Detected 2903.998 MHz processor
[    0.162921] Calibrating delay loop (skipped) preset value.. 5807.99 BogoMIPS (lpj=11615992)
[    0.166532] pid_max: default: 32768 minimum: 301
[    0.168179] ACPI: Core revision 20150930
[    0.169932] ACPI: 2 ACPI AML tables successfully acquired and loaded
[    0.171446] Security Framework initialized
[    0.172374] Yama: becoming mindful.
[    0.173202] AppArmor: AppArmor initialized
[    0.175328] Dentry cache hash table entries: 262144 (order: 9, 2097152 bytes)
[    0.177036] Inode-cache hash table entries: 131072 (order: 8, 1048576 bytes)
[    0.179532] Mount-cache hash table entries: 4096 (order: 3, 32768 bytes)
[    0.180933] Mountpoint-cache hash table entries: 4096 (order: 3, 32768 bytes)
[    0.182552] Initializing cgroup subsys io
[    0.183473] Initializing cgroup subsys memory
[    0.184465] Initializing cgroup subsys devices
[    0.185460] Initializing cgroup subsys freezer
[    0.186477] Initializing cgroup subsys net_cls
[    0.187467] Initializing cgroup subsys perf_event
[    0.188504] Initializing cgroup subsys net_prio
[    0.189503] Initializing cgroup subsys hugetlb
[    0.190527] Initializing cgroup subsys pids
[    0.192438] mce: CPU supports 0 MCE banks
[    0.193399] Last level iTLB entries: 4KB 64, 2MB 8, 4MB 8
[    0.195091] Last level dTLB entries: 4KB 64, 2MB 0, 4MB 0, 1GB 4
[    0.196375] Spectre V1 : Mitigation: usercopy/swapgs barriers and __user pointer sanitization
[    0.198306] Spectre V2 : Mitigation: Full generic retpoline
[    0.199500] Spectre V2 : Spectre v2 / SpectreRSB mitigation: Filling RSB on context switch
[    0.201408] Speculative Store Bypass: Vulnerable
[    0.202576] MDS: Mitigation: Clear CPU buffers
[    0.206034] Freeing SMP alternatives memory: 36K
[    0.212559] ftrace: allocating 32304 entries in 127 pages
[    0.264715] smpboot: APIC(0) Converting physical 0 to logical package 0
[    0.266560] smpboot: Max logical packages: 1
[    0.267684] x2apic enabled
[    0.268524] Switched APIC routing to physical x2apic.
[    0.270536] ..TIMER: vector=0x30 apic1=0 pin1=2 apic2=-1 pin2=-1
[    0.380009] smpboot: CPU0: Intel(R) Core(TM) i7-7820HQ CPU @ 2.90GHz (family: 0x6, model: 0x9e, stepping: 0x9)
[    0.382981] Performance Events: unsupported p6 CPU model 158 no PMU driver, software events only.
[    0.395112] KVM setup paravirtual spinlock
[    0.398087] x86: Booting SMP configuration:
[    0.399050] .... node  #0, CPUs:      #1
[    0.400068] kvm-clock: cpu 1, msr 0:7ffe3041, secondary cpu clock
[    0.402474] mce: CPU supports 0 MCE banks
[    0.405881] x86: Booted up 1 node, 2 CPUs
[    0.407317] smpboot: Total of 2 processors activated (11615.99 BogoMIPS)
[    0.409426] devtmpfs: initialized
[    0.411955] evm: security.selinux
[    0.412857] evm: security.SMACK64
[    0.413647] evm: security.SMACK64EXEC
[    0.414628] evm: security.SMACK64TRANSMUTE
[    0.415557] evm: security.SMACK64MMAP
[    0.416405] evm: security.ima
[    0.417152] evm: security.capability
[    0.418170] clocksource: jiffies: mask: 0xffffffff max_cycles: 0xffffffff, max_idle_ns: 7645041785100000 ns
[    0.420602] futex hash table entries: 512 (order: 3, 32768 bytes)
[    0.422036] pinctrl core: initialized pinctrl subsystem
[    0.423394] RTC time: 14:51:49, date: 04/30/20
[    0.425038] NET: Registered protocol family 16
[    0.437768] cpuidle: using governor ladder
[    0.449851] cpuidle: using governor menu
[    0.451585] PCCT header not found.
[    0.452745] ACPI: bus type PCI registered
[    0.453893] acpiphp: ACPI Hot Plug PCI Controller Driver version: 0.5
[    0.455744] PCI: Using configuration type 1 for base access
[    0.470929] ACPI: Added _OSI(Module Device)
[    0.472971] ACPI: Added _OSI(Processor Device)
[    0.474531] ACPI: Added _OSI(3.0 _SCP Extensions)
[    0.475818] ACPI: Added _OSI(Processor Aggregator Device)
[    0.478185] ACPI: Executed 1 blocks of module-level executable AML code
[    0.482156] ACPI: Interpreter enabled
[    0.483400] ACPI: (supports S0 S5)
[    0.484605] ACPI: Using IOAPIC for interrupt routing
[    0.485933] PCI: Using host bridge windows from ACPI; if necessary, use "pci=nocrs" and report a bug
[    0.492687] ACPI: PCI Root Bridge [PCI0] (domain 0000 [bus 00-ff])
[    0.494575] acpi PNP0A03:00: _OSC: OS supports [ASPM ClockPM Segments MSI]
[    0.496301] acpi PNP0A03:00: _OSC: not requesting OS control; OS requires [ExtendedConfig ASPM ClockPM MSI]
[    0.498539] acpi PNP0A03:00: fail to add MMCONFIG information, can't access extended PCI configuration space under this bridge.
[    0.501435] PCI host bridge to bus 0000:00
[    0.502453] pci_bus 0000:00: root bus resource [io  0x0000-0x0cf7 window]
[    0.503903] pci_bus 0000:00: root bus resource [io  0x0d00-0xffff window]
[    0.505711] pci_bus 0000:00: root bus resource [mem 0x000a0000-0x000bffff window]
[    0.507911] pci_bus 0000:00: root bus resource [mem 0x80000000-0xfdffffff window]
[    0.509959] pci_bus 0000:00: root bus resource [bus 00-ff]
[    0.513697] pci 0000:00:01.1: legacy IDE quirk: reg 0x10: [io  0x01f0-0x01f7]
[    0.515469] pci 0000:00:01.1: legacy IDE quirk: reg 0x14: [io  0x03f6]
[    0.516867] pci 0000:00:01.1: legacy IDE quirk: reg 0x18: [io  0x0170-0x0177]
[    0.518783] pci 0000:00:01.1: legacy IDE quirk: reg 0x1c: [io  0x0376]
[    0.545122] pci 0000:00:07.0: quirk: [io  0x4000-0x403f] claimed by PIIX4 ACPI
[    0.547239] pci 0000:00:07.0: quirk: [io  0x4100-0x410f] claimed by PIIX4 SMB
[    0.560595] ACPI: PCI Interrupt Link [LNKA] (IRQs 5 9 10 *11)
[    0.562822] ACPI: PCI Interrupt Link [LNKB] (IRQs 5 9 *10 11)
[    0.564793] ACPI: PCI Interrupt Link [LNKC] (IRQs 5 *9 10 11)
[    0.566523] ACPI: PCI Interrupt Link [LNKD] (IRQs 5 9 10 *11)
[    0.568117] ACPI: Enabled 2 GPEs in block 00 to 07
[    0.569660] vgaarb: setting as boot device: PCI:0000:00:02.0
[    0.570901] vgaarb: device added: PCI:0000:00:02.0,decodes=io+mem,owns=io+mem,locks=none
[    0.572962] vgaarb: loaded
[    0.573829] vgaarb: bridge control possible 0000:00:02.0
[    0.576014] SCSI subsystem initialized
[    0.577011] ACPI: bus type USB registered
[    0.577945] usbcore: registered new interface driver usbfs
[    0.579151] usbcore: registered new interface driver hub
[    0.580316] usbcore: registered new device driver usb
[    0.581650] PCI: Using ACPI for IRQ routing
[    0.582964] NetLabel: Initializing
[    0.583793] NetLabel:  domain hash size = 128
[    0.584779] NetLabel:  protocols = UNLABELED CIPSOv4
[    0.585873] NetLabel:  unlabeled traffic allowed by default
[    0.587222] amd_nb: Cannot enumerate AMD northbridges
[    0.588730] clocksource: Switched to clocksource kvm-clock
[    0.596520] AppArmor: AppArmor Filesystem Enabled
[    0.598531] pnp: PnP ACPI init
[    0.600569] pnp: PnP ACPI: found 3 devices
[    0.610884] clocksource: acpi_pm: mask: 0xffffff max_cycles: 0xffffff, max_idle_ns: 2085701024 ns
[    0.613754] NET: Registered protocol family 2
[    0.615375] TCP established hash table entries: 16384 (order: 5, 131072 bytes)
[    0.617180] TCP bind hash table entries: 16384 (order: 6, 262144 bytes)
[    0.618609] TCP: Hash tables configured (established 16384 bind 16384)
[    0.619945] UDP hash table entries: 1024 (order: 3, 32768 bytes)
[    0.621203] UDP-Lite hash table entries: 1024 (order: 3, 32768 bytes)
[    0.623496] NET: Registered protocol family 1
[    0.624692] pci 0000:00:00.0: Limiting direct PCI/PCI transfers
[    0.626150] pci 0000:00:01.0: Activating ISA DMA hang workarounds
[    0.627594] Unpacking initramfs...
[    0.806423] Freeing initrd memory: 14872K
[    0.808303] clocksource: tsc: mask: 0xffffffffffffffff max_cycles: 0x29dc03c1beb, max_idle_ns: 440795205215 ns
[    0.810996] platform rtc_cmos: registered platform RTC device (no PNP device found)
[    0.812811] Scanning for low memory corruption every 60 seconds
[    0.814738] audit: initializing netlink subsys (disabled)
[    0.815963] audit: type=2000 audit(1588258314.751:1): initialized
[    0.817765] Initialise system trusted keyring
[    0.818953] HugeTLB registered 2 MB page size, pre-allocated 0 pages
[    0.821308] zbud: loaded
[    0.822312] VFS: Disk quotas dquot_6.6.0
[    0.823244] VFS: Dquot-cache hash table entries: 512 (order 0, 4096 bytes)
[    0.824868] squashfs: version 4.0 (2009/01/31) Phillip Lougher
[    0.826384] fuse init (API version 7.23)
[    0.827423] Key type big_key registered
[    0.828330] Allocating IMA MOK and blacklist keyrings.
[    0.830549] Key type asymmetric registered
[    0.832066] Asymmetric key parser 'x509' registered
[    0.833266] Block layer SCSI generic (bsg) driver version 0.4 loaded (major 249)
[    0.835024] io scheduler noop registered
[    0.836230] io scheduler deadline registered (default)
[    0.837402] io scheduler cfq registered
[    0.838422] pci_hotplug: PCI Hot Plug PCI Core version: 0.5
[    0.839613] pciehp: PCI Express Hot Plug Controller Driver version: 0.4
[    0.841598] ACPI: AC Adapter [AC] (off-line)
[    0.842971] input: Power Button as /devices/LNXSYSTM:00/LNXPWRBN:00/input/input0
[    0.844774] ACPI: Power Button [PWRF]
[    0.846211] input: Sleep Button as /devices/LNXSYSTM:00/LNXSLPBN:00/input/input1
[    0.848283] ACPI: Sleep Button [SLPF]
[    0.849455] GHES: HEST is not enabled!
[    0.850731] ACPI: Battery Slot [BAT0] (battery present)
[    0.852101] Serial: 8250/16550 driver, 32 ports, IRQ sharing enabled
[    0.874249] 00:02: ttyS0 at I/O 0x3f8 (irq = 4, base_baud = 115200) is a 16550A
[    0.878547] Linux agpgart interface v0.103
[    0.882495] loop: module loaded
[    0.883762] scsi host0: ata_piix
[    0.884644] scsi host1: ata_piix
[    0.885687] ata1: PATA max UDMA/33 cmd 0x1f0 ctl 0x3f6 bmdma 0xd000 irq 14
[    0.887349] ata2: PATA max UDMA/33 cmd 0x170 ctl 0x376 bmdma 0xd008 irq 15
[    0.888999] libphy: Fixed MDIO Bus: probed
[    0.890410] tun: Universal TUN/TAP device driver, 1.6
[    0.891511] tun: (C) 1999-2004 Max Krasnyansky <maxk@qualcomm.com>
[    0.893540] PPP generic driver version 2.4.2
[    0.894848] ehci_hcd: USB 2.0 'Enhanced' Host Controller (EHCI) Driver
[    0.896296] ehci-pci: EHCI PCI platform driver
[    0.897432] ehci-platform: EHCI generic platform driver
[    0.898863] ohci_hcd: USB 1.1 'Open' Host Controller (OHCI) Driver
[    0.900155] ohci-pci: OHCI PCI platform driver
[    0.901181] ohci-platform: OHCI generic platform driver
[    0.902363] uhci_hcd: USB Universal Host Controller Interface driver
[    0.904078] i8042: PNP: PS/2 Controller [PNP0303:PS2K,PNP0f03:PS2M] at 0x60,0x64 irq 1,12
[    0.906379] serio: i8042 KBD port at 0x60,0x64 irq 1
[    0.907469] serio: i8042 AUX port at 0x60,0x64 irq 12
[    0.908816] mousedev: PS/2 mouse device common for all mice
[    0.910703] input: AT Translated Set 2 keyboard as /devices/platform/i8042/serio0/input/input2
[    0.913243] rtc_cmos rtc_cmos: rtc core: registered rtc_cmos as rtc0
[    0.914666] rtc_cmos rtc_cmos: alarms up to one day, 114 bytes nvram
[    0.916012] i2c /dev entries driver
[    0.916871] device-mapper: uevent: version 1.0.3
[    0.917992] device-mapper: ioctl: 4.34.0-ioctl (2015-10-28) initialised: dm-devel@redhat.com
[    0.919888] ledtrig-cpu: registered to indicate activity on CPUs
[    0.921526] NET: Registered protocol family 10
[    0.922764] NET: Registered protocol family 17
[    0.923776] Key type dns_resolver registered
[    0.924950] registered taskstats version 1
[    0.926008] Loading compiled-in X.509 certificates
[    0.927536] Loaded X.509 cert 'Build time autogenerated kernel key: a048edf52b07f04005c7780de0f875c713550332'
[    0.929737] zswap: loaded using pool lzo/zbud
[    0.932533] Key type trusted registered
[    0.936902] Key type encrypted registered
[    0.938393] AppArmor: AppArmor sha1 policy hashing enabled
[    0.939577] ima: No TPM chip found, activating TPM-bypass!
[    0.940752] ima: Allocated hash algorithm: sha1
[    0.941833] evm: HMAC attrs: 0x1
[    0.943226]   Magic number: 0:68:891
[    0.944617] event_source msr: hash matches
[    0.945829] rtc_cmos rtc_cmos: setting system clock to 2020-04-30 14:51:49 UTC (1588258309)
[    0.948799] BIOS EDD facility v0.16 2004-Jun-25, 0 devices found
[    0.951184] EDD information not available.
[    1.070234] Freeing unused kernel memory: 1488K
[    1.071762] Write protecting the kernel read-only data: 14336k
[    1.073730] Freeing unused kernel memory: 1604K
[    1.075376] Freeing unused kernel memory: 60K
Loading, please wait...
starting version 229
[    1.087927] random: systemd-udevd: uninitialized urandom read (16 bytes read, 3 bits of entropy available)
[    1.088458] random: udevadm: uninitialized urandom read (16 bytes read, 3 bits of entropy available)
[    1.088475] random: udevadm: uninitialized urandom read (16 bytes read, 3 bits of entropy available)
[    1.094397] random: udevadm: uninitialized urandom read (16 bytes read, 3 bits of entropy available)
[    1.094465] random: udevadm: uninitialized urandom read (16 bytes read, 3 bits of entropy available)
[    1.094582] random: udevadm: uninitialized urandom read (16 bytes read, 3 bits of entropy available)
[    1.094618] random: udevadm: uninitialized urandom read (16 bytes read, 3 bits of entropy available)
[    1.094654] random: udevadm: uninitialized urandom read (16 bytes read, 3 bits of entropy available)
[    1.094692] random: udevadm: uninitialized urandom read (16 bytes read, 3 bits of entropy available)
[    1.094727] random: udevadm: uninitialized urandom read (16 bytes read, 3 bits of entropy available)
[    1.129798] e1000: Intel(R) PRO/1000 Network Driver - version 7.3.21-k8-NAPI
[    1.131919] e1000: Copyright (c) 1999-2006 Intel Corporation.
[    1.139445] Fusion MPT base driver 3.04.20
[    1.140916] Copyright (c) 1999-2008 LSI Corporation
[    1.149801] AVX2 version of gcm_enc/dec engaged.
[    1.151217] AES CTR mode by8 optimization enabled
[    1.155089] Fusion MPT SPI Host driver 3.04.20
[    1.167236] mptbase: ioc0: Initiating bringup
[    1.234272] ioc0: LSI53C1030 A0: Capabilities={Initiator}
[    1.343893] input: ImExPS/2 Generic Explorer Mouse as /devices/platform/i8042/serio1/input/input4
[    1.406001] scsi host2: ioc0: LSI53C1030 A0, FwRev=00000000h, Ports=1, MaxQ=256, IRQ=20
[    1.523003] scsi 2:0:0:0: Direct-Access     VBOX     HARDDISK         1.0  PQ: 0 ANSI: 5
[    1.526294] scsi target2:0:0: Beginning Domain Validation
[    1.530207] scsi target2:0:0: Domain Validation skipping write tests
[    1.532110] scsi target2:0:0: Ending Domain Validation
[    1.533950] scsi target2:0:0: asynchronous
[    1.536159] scsi 2:0:1:0: Direct-Access     VBOX     HARDDISK         1.0  PQ: 0 ANSI: 5
[    1.538830] scsi target2:0:1: Beginning Domain Validation
[    1.542409] scsi target2:0:1: Domain Validation skipping write tests
[    1.544194] scsi target2:0:1: Ending Domain Validation
[    1.545843] scsi target2:0:1: asynchronous
[    1.561713] sd 2:0:0:0: Attached scsi generic sg0 type 0
[    1.571761] sd 2:0:0:0: [sda] 20971520 512-byte logical blocks: (10.7 GB/10.0 GiB)
[    1.574506] sd 2:0:0:0: [sda] Write Protect is off
[    1.576119] sd 2:0:0:0: [sda] Incomplete mode parameter data
[    1.577457] sd 2:0:0:0: [sda] Assuming drive cache: write through
[    1.579172] sd 2:0:1:0: [sdb] 20480 512-byte logical blocks: (10.5 MB/10.0 MiB)
[    1.581227] sd 2:0:1:0: [sdb] Write Protect is off
[    1.582392] sd 2:0:1:0: Attached scsi generic sg1 type 0
[    1.583798] sd 2:0:1:0: [sdb] Incomplete mode parameter data
[    1.585172] sd 2:0:1:0: [sdb] Assuming drive cache: write through
[    1.587296]  sda: sda1
[    1.588845] sd 2:0:0:0: [sda] Attached SCSI disk
[    1.591013] sd 2:0:1:0: [sdb] Attached SCSI disk
[    2.215408] e1000 0000:00:03.0 eth0: (PCI:33MHz:32-bit) 02:f4:cb:fd:67:72
[    2.217770] e1000 0000:00:03.0 eth0: Intel(R) PRO/1000 Network Connection
[    3.008177] e1000 0000:00:08.0 eth1: (PCI:33MHz:32-bit) 08:00:27:ba:ea:0f
[    3.010645] e1000 0000:00:08.0 eth1: Intel(R) PRO/1000 Network Connection
[    3.014051] e1000 0000:00:08.0 enp0s8: renamed from eth1
[    3.025650] e1000 0000:00:03.0 enp0s3: renamed from eth0
Begin: Loading essential drivers ... [    4.312090] md: linear personality registered for level -1
[    4.316179] md: multipath personality registered for level -4
[    4.320094] md: raid0 personality registered for level 0
[    4.325250] md: raid1 personality registered for level 1
[    4.402449] raid6: sse2x1   gen() 13364 MB/s
[    4.483857] raid6: sse2x1   xor() 10429 MB/s
[    4.552881] raid6: sse2x2   gen() 15570 MB/s
[    4.624088] raid6: sse2x2   xor() 11378 MB/s
[    4.694155] raid6: sse2x4   gen() 17959 MB/s
[    4.764198] raid6: sse2x4   xor() 12345 MB/s
[    4.834253] raid6: avx2x1   gen() 24679 MB/s
[    4.904362] raid6: avx2x2   gen() 29875 MB/s
[    4.974274] raid6: avx2x4   gen() 31813 MB/s
[    4.976079] raid6: using algorithm avx2x4 gen() 31813 MB/s
[    4.977756] raid6: using avx2x2 recovery algorithm
[    4.980049] xor: automatically using best checksumming function:
[    5.021200]    avx       : 28889.000 MB/sec
[    5.023882] async_tx: api initialized (async)
[    5.035268] md: raid6 personality registered for level 6
[    5.037181] md: raid5 personality registered for level 5
[    5.038754] md: raid4 personality registered for level 4
[    5.045101] md: raid10 personality registered for level 10
done.
Begin: Running /scripts/init-premount ... done.
Begin: Mounting root file system ... Begin: Running /scripts/local-top ... done.
Begin: Running /scripts/local-premount ... [    5.072049] Btrfs loaded
Scanning for Btrfs filesystems
done.
Warning: fsck not present, so skipping root file system
[    5.092464] EXT4-fs (sda1): mounted filesystem with ordered data mode. Opts: (null)
done.
Begin: Running /scripts/local-bottom ... done.
Begin: Running /scripts/init-bottom ... done.
[    5.150197] systemd[1]: systemd 229 running in system mode. (+PAM +AUDIT +SELINUX +IMA +APPARMOR +SMACK +SYSVINIT +UTMP +LIBCRYPTSETUP +GCRYPT +GNUTLS +ACL +XZ -LZ4 +SECCOMP +BLKID +ELFUTILS +KMOD -IDN)
[    5.154556] systemd[1]: Detected virtualization oracle.
[    5.155941] systemd[1]: Detected architecture x86-64.

Welcome to [1mUbuntu 16.04.6 LTS[0m!

[    5.162298] systemd[1]: Set hostname to <ubuntu>.
[    5.164115] systemd[1]: Initializing machine ID from random generator.
[    5.165663] systemd[1]: Installed transient /etc/machine-id file.
[    5.242788] systemd[1]: Listening on /dev/initctl Compatibility Named Pipe.
[[0;32m  OK  [0m] Listening on /dev/initctl Compatibility Named Pipe.
[    5.245604] systemd[1]: Reached target Swap.
[[0;32m  OK  [0m] Reached target Swap.
[    5.247484] systemd[1]: Reached target Encrypted Volumes.
[[0;32m  OK  [0m] Reached target Encrypted Volumes.
[    5.249796] systemd[1]: Listening on LVM2 poll daemon socket.
[[0;32m  OK  [0m] Listening on LVM2 poll daemon socket.
[    5.252398] systemd[1]: Set up automount Arbitrary Executable File Formats File System Automount Point.
[[0;32m  OK  [0m] Set up automount Arbitrary Executab...ats File System Automount Point.
[    5.256013] systemd[1]: Listening on Journal Socket (/dev/log).
[[0;32m  OK  [0m] Listening on Journal Socket (/dev/log).
[    5.259298] systemd[1]: Created slice System Slice.
[[0;32m  OK  [0m] Created slice System Slice.
[    5.269508] systemd[1]: Created slice system-serial\x2dgetty.slice.
[[0;32m  OK  [0m] Created slice system-serial\x2dgetty.slice.
[    5.272846] systemd[1]: Listening on Journal Audit Socket.
[[0;32m  OK  [0m] Listening on Journal Audit Socket.
[    5.275162] systemd[1]: Listening on udev Control Socket.
[[0;32m  OK  [0m] Listening on udev Control Socket.
[    5.277725] systemd[1]: Started Forward Password Requests to Wall Directory Watch.
[[0;32m  OK  [0m] Started Forward Password Requests to Wall Directory Watch.
[    5.280614] systemd[1]: Listening on Syslog Socket.
[[0;32m  OK  [0m] Listening on Syslog Socket.
[    5.289916] systemd[1]: Listening on Journal Socket.
[[0;32m  OK  [0m] Listening on Journal Socket.
[    5.305208] systemd[1]: Mounting Debug File System...
         Mounting Debug File System...
[    5.308454] systemd[1]: Starting Journal Service...
         Starting Journal Service...
[    5.311445] systemd[1]: Starting Remount Root and Kernel File Systems...
         Starting Remount Root and Kernel File Systems...
[    5.316936] systemd[1]: Starting Create list of required static device nodes for the current kernel...
         Starting Create list of required st... nodes for the current kernel...
[    5.321632] EXT4-fs (sda1): re-mounted. Opts: (null)
[    5.324114] systemd[1]: Mounting POSIX Message Queue File System...
         Mounting POSIX Message Queue File System...
[    5.334131] systemd[1]: Started Trigger resolvconf update for networkd DNS.
[[0;32m  OK  [0m] Started Trigger resolvconf update for networkd DNS.
[    5.337720] systemd[1]: Listening on Device-mapper event daemon FIFOs.
[[0;32m  OK  [0m] Listening on Device-mapper event daemon FIFOs.
[    5.342394] systemd[1]: Starting Load Kernel Modules...
         Starting Load Kernel Modules...
[    5.345372] systemd[1]: Listening on LVM2 metadata daemon socket.
[[0;32m  OK  [0m] Listening on LVM2 metadata daemon socket.
[    5.350239] Loading iSCSI transport class v2.0-870.
[    5.353793] systemd[1]: Starting Monitoring of LVM2 mirrors, snapshots etc. using dmeventd or progress polling...
         Starting Monitoring of LVM2 mirrors... dmeventd or progress polling...
[    5.360405] systemd[1]: Listening on udev Kernel Socket.
[[0;32m  OK  [0m] Listening on udev Kernel Socket.
[    5.366277] iscsi: registered transport (tcp)
[    5.369559] systemd[1]: Starting Set console keymap...
         Starting Set console keymap...
[    5.375049] systemd[1]: Reached target System Time Synchronized.
[[0;32m  OK  [0m] Reached target System Time Synchronized.
[    5.379296] systemd[1]: Created slice User and Session Slice.
[[0;32m  OK  [0m] Created slice User and Session Slice.
[    5.383311] systemd[1]: Reached target Slices.
[[0;32m  OK  [0m] Reached target Slices.
[    5.387309] systemd[1]: Starting Nameserver information manager...
         Starting Nameserver information manager...
[    5.393414] systemd[1]: Starting Uncomplicated firewall...
         Starting Uncomplicated firewall...
[    5.397469] systemd[1]: Mounting Huge Pages File System...
         Mounting Huge Pages File System...
[    5.400080] systemd[1]: Reached target User and Group Name Lookups.
[[0;32m  OK  [0m] Reached target User and Group Name Lookups.
[    5.406638] systemd[1]: Mounted Debug File System.
[    5.408276] iscsi: registered transport (iser)
[[0;32m  OK  [0m] Mounted Debug File System.
[    5.416942] systemd[1]: Mounted POSIX Message Queue File System.
[[0;32m  OK  [0m] Mounted POSIX Message Queue File System.
[    5.419806] systemd[1]: Mounted Huge Pages File System.
[[0;32m  OK  [0m] Mounted Huge Pages File System.
[    5.429602] systemd[1]: Started Journal Service.
[[0;32m  OK  [0m] Started Journal Service.
[[0;32m  OK  [0m] Started Remount Root and Kernel File Systems.
[[0;32m  OK  [0m] Started Create list of required sta...ce nodes for the current kernel.
[[0;32m  OK  [0m] Started Load Kernel Modules.
[[0;32m  OK  [0m] Started Set console keymap.
[[0;32m  OK  [0m] Started Uncomplicated firewall.
[[0;32m  OK  [0m] Started Nameserver information manager.
[[0;32m  OK  [0m] Started LVM2 metadata daemon.
         Mounting FUSE Control File System...
         Starting Apply Kernel Variables...
         Starting Create Static Device Nodes in /dev...
         Starting udev Coldplug all Devices...
         Starting Load/Save Random Seed...
         Starting Flush Journal to Persistent Storage...
[[0;32m  OK  [0m] Mounted FUSE Control File System.
[[0;32m  OK  [0m] Started Apply Kernel Variables.
[[0;32m  OK  [0m] Started Create Static Device Nodes in /dev.
[[0;32m  OK  [0m] Started Load/Save Random Seed.
         Starting udev Kernel Device Manager...
[[0;32m  OK  [0m] Started udev Coldplug all Devices.
[[0;32m  OK  [0m] Started Flush Journal to Persistent Storage.
[[0;32m  OK  [0m] Started Monitoring of LVM2 mirrors,...ng dmeventd or progress polling.
[[0;32m  OK  [0m] Reached target Local File Systems (Pre).
[[0;32m  OK  [0m] Reached target Local File Systems.
         Starting Commit a transient machine-id on disk...
         Starting Create Volatile Files and Directories...
         Starting Initial cloud-init job (pre-networking)...
         Starting Tell Plymouth To Write Out Runtime Data...
         Starting Set console font and keymap...
         Starting LSB: AppArmor initialization...
[[0;32m  OK  [0m] Started udev Kernel Device Manager.
[[0;32m  OK  [0m] Started Create Volatile Files and Directories.
[[0;32m  OK  [0m] Started Tell Plymouth To Write Out Runtime Data.
         Starting Update UTMP about System Boot/Shutdown...
[[0;32m  OK  [0m] Started Dispatch Password Requests to Console Directory Watch.
[[0;32m  OK  [0m] Started Update UTMP about System Boot/Shutdown.
[[0;32m  OK  [0m] Started Commit a transient machine-id on disk.
[[0;32m  OK  [0m] Found device /dev/ttyS0.
[[0;32m  OK  [0m] Listening on Load/Save RF Kill Switch Status /dev/rfkill Watch.
[    6.246498] cloud-init[484]: Cloud-init v. 19.4-33-gbb4131a2-0ubuntu1~16.04.1 running 'init-local' at Thu, 30 Apr 2020 14:51:54 +0000. Up 5.92 seconds.
[[0;32m  OK  [0m] Started LSB: AppArmor initialization.
[[0;32m  OK  [0m] Started Initial cloud-init job (pre-networking).
[[0;32m  OK  [0m] Reached target Network (Pre).
         Starting Raise network interfaces...
[[0;32m  OK  [0m] Started Set console font and keymap.
[[0;32m  OK  [0m] Created slice system-getty.slice.
[[0;32m  OK  [0m] Started Raise network interfaces.
[[0;32m  OK  [0m] Reached target Network.
         Starting Initial cloud-init job (metadata service crawler)...
[    7.535062] cloud-init[963]: Cloud-init v. 19.4-33-gbb4131a2-0ubuntu1~16.04.1 running 'init' at Thu, 30 Apr 2020 14:51:55 +0000. Up 7.13 seconds.
[    7.544866] cloud-init[963]: ci-info: ++++++++++++++++++++++++++++++++++++++Net device info+++++++++++++++++++++++++++++++++++++++
[    7.553001] cloud-init[963]: ci-info: +--------+-------+----------------------------+---------------+--------+-------------------+
[    7.561356] cloud-init[963]: ci-info: | Device |   Up  |          Address           |      Mask     | Scope  |     Hw-Address    |
[    7.572524] cloud-init[963]: ci-info: +--------+-------+----------------------------+---------------+--------+-------------------+
[    7.581222] [[0;32m  OK  [0m] Started Initial cloud-init job (metadata service crawler).
cloud-init[963]: ci-info: | enp0s3 |  True |         10.0.2.15          | 255.255.255.0 | global | 02:f4:cb:fd:67:72 |
[    7.583487] [[0;32m  OK  [0m] Reached target Cloud-config availability.
[[0;32m  OK  [0m] Reached target Network is Online.
cloud-init[963]: ci-info: | enp0s3 |  True | fe80::f4:cbff:fefd:6772/64 |       .       |  link  | 02:f4:cb:fd:67:72 |
[    7.588473] cloud-init[963]: ci-info: | enp0s8 | False |             .              |       .       |   .    | 08:00:27:ba:ea:0f |
[    7.591712] cloud-init[963]: ci-info: |   lo   |  True |         127.0.0.1          |   255.0.0.0   |  host  |         .         |
[    7.594505] cloud-init[963]: ci-info: |   lo   |  True |          ::1/128           |       .       |  host  |         .         |         Starting iSCSI initiator daemon (iscsid)...
[[0;32m  OK  [0m] Reached target System Initialization.
[[0;32m  OK  [0m] Listening on ACPID Listen Socket.
[[0;32m  OK  [0m] Listening on D-Bus System Message Bus Socket.
[[0;32m  OK  [0m] Started Message of the Day.
[[0;32m  OK  [0m] Started Daily Cleanup of Temporary Directories.

[    7.602547] cloud-init[963]: ci-info: +--------+-------+----------------------------+---------------+--------+-------------------+
[    7.604074]          cloud-initStarting LXD - unix socket.[963]: 
ci-info: +++++++++++++++++++++++++++Route IPv4 info++++++++++++++++++++++++++++
         Starting Socket activation for snappy daemon.
[    7.606604] [[0;32m  OK  [0m] Started Daily apt download activities.
[[0;32m  OK  [0m] Started Daily apt upgrade and clean activities.
[[0;32m  OK  [0m] Reached target Timers.
cloud-init[963]: ci-info: +-------+-------------+----------+---------------+-----------+-------+
[    7.609357] [[0;32m  OK  [0m] Listening on UUID daemon activation socket.
cloud-init[963]: ci-info: | Route | Destination | Gateway  |    Genmask    | Interface | Flags |
[    7.611605] [[0;32m  OK  [0m] Started ACPI Events Check.
[cloud-init[0;32m  OK  [0m[963]: ] ci-info: +-------+-------------+----------+---------------+-----------+-------+Reached target Paths.

[    7.613573] cloud-init[963]: ci-info: |   0   |   0.0.0.0   | 10.0.2.2 |    0.0.0.0    |   enp0s3  |   UG  |
[    7.615119] cloud-init[963]: ci-info: |   1   |   10.0.2.0  | 0.0.0.0  | 255.255.255.0 |   enp0s3  |   U   |
[[0;32m  OK  [0m] Listening on LXD - unix socket.
[[0;32m  OK  [0m] Listening on Socket activation for snappy daemon.
[[0;32m  OK  [0m] Started iSCSI initiator daemon (iscsid).
[    7.620450] cloud-init[963]: ci-info: +-------+-------------+----------+---------------+-----------+-------+
         Starting Login to default iSCSI targets...
[    7.641236] cloud-init[963]: ci-info: +++++++++++++++++++Route IPv6 info+++++++++++++++++++
[    7.649470] cloud-init[[0;32m  OK  [0m] Reached target Sockets.
[963]: [ci-info: +-------+-------------+---------+-----------+-------+[0;32m  OK  [0m
] Reached target Basic System.
[    7.652402] cloud-init[963]: ci-info: | Route | Destination | Gateway | Interface | Flags |
[    7.669400] [[0;32m  OK  [0m] Started FUSE filesystem for LXC.
cloud-init[963]: ci-info: +-------+-------------+---------+-----------+-------+
[    7.671279]          cloud-initStarting /etc/rc.local Compatibility...[963]: 
ci-info: |   0   |  fe80::/64  |    ::   |   enp0s3  |   U   |
         Starting Pollinate to seed the pseudo random number generator...
[    7.674309]          Starting LSB: MD monitoring daemon...
[[0;32m  OK  [0m] Started ACPI event daemon.
[[0;32m  OK  [0m] Started Deferred execution scheduler.
         Starting LSB: Record successful boot for GRUB...
         Starting System Logging Service...
[[0;32m  OK  [0m] Started Regular background program processing daemon.
         Starting Snappy daemon...
         Starting Virtualbox guest utils...
[[0;32m  OK  [0m] Started D-Bus System Message Bus.
cloud-init[963]: ci-info: |   3   |   ff00::/8  |    ::   |   enp0s3  |   U   |
[    7.688712] cloud-init[963]: ci-info: +-------+-------------+---------+-----------+-------+
[    7.691319] cloud-init[963]: Generating public/private rsa key pair.
[    7.693229] cloud-init[963]: Your identification has been saved in /etc/ssh/ssh_host_rsa_key.
[    7.694977] cloud-init[963]: Your public key has been saved in /etc/ssh/ssh_host_rsa_key.pub.
[    7.699743] cloud-init[963]: The key fingerprint is:
[    7.701213] cloud-init[963]: SHA256:ObFm5j2eqfd2XY2VygE/73niMfyJExCUdF+wZvnvvCE root@ubuntu-xenial
[    7.702833] cloud-init[963]: The key's randomart image is:
[    7.708318] cloud-init[963]: +---[RSA 2048]----+
[    7.709596] cloud-init[963]: |          oo.....|
[    7.710948] cloud-init[963]: |           +. .o.|
[    7.712253] cloud-init[963]: |        .   + =..|
[    7.713406] cloud-init[963]: |         + . * o.|
[    7.714798] cloud-init[963]: |        S   o =oo|
[    7.715920] cloud-init[963]: |       = o   =..+|
[    7.717168] cloud-init[963]: |        . o  E*o+|
[    7.718243] cloud-init[963]: |         ..+..=O=|
[    7.719789] cloud-init[963]: |        .o+o.+o+*|
[    7.723177] cloud-init[963]: +----[SHA256]-----+
[    7.724434] cloud-init[963]: Generating public/private dsa key pair.
[    7.725635] cloud-init[963]: Your identification has been saved in /etc/ssh/ssh_host_dsa_key.
[    7.727541] cloud-init[963]: Your public key has been saved in /etc/ssh/ssh_host_dsa_key.pub.
[    7.729491] cloud-init[963]: The key fingerprint is:
[    7.730874] cloud-init[963]: SHA256:TvRxaWjNwlmsnPc/KP1u3ISu2veIkuzYRFmNrRw6/cg root@ubuntu-xenial
         Starting Accounts Service...
[    7.733203] cloud-init         Starting Login Service...
         Starting LXD - container startup/shutdown...
[[0;32m  OK  [0m] Started System Logging Service.
[[0;32m  OK  [0m] Started /etc/rc.local Compatibility.
[963]: The key's randomart image is:
[    7.751872] cloud-init[963]: +---[DSA 1024]----+
[    7.753921] cloud-init[963]: |           ..    |
[    7.756537] cloud-init[963]: |         . *.=   |
[[0;32m  OK  [0m] Started Login to default iSCSI targets.
[[0;32m  OK  [0m] Started Login Service.
[[0;32m  OK  [0m] Started Unattended Upgrades Shutdown.
[[0;32m  OK  [0m] Reached target Remote File Systems (Pre).
[[0;32m  OK  [0m] Reached target Remote File Systems.
[    7.781061] cloud-init[963]: |        ..BoX o  |
[    7.796778] cloud-init[963]: |       . o+@.o   |
[    7.804353]          Starting LSB: daemon to balance interrupts for SMP systems...
cloud-init[963]: |        S *.+. . |
[    7.805216]          cloud-initStarting LSB: Set the CPU Frequency Scaling governor to "ondemand"...[963]: 
|       o . o oo .|
[    7.807482]          Starting Permit User Sessions...
         Starting LSB: automatic crash report generation...
[[0;32m  OK  [0m] Started LSB: MD monitoring daemon.
[[0;32m  OK  [0m] Started LSB: Record successful boot for GRUB.
cloud-init[963]: |        ....E.+o.|
         Starting Authenticate and Authorize Users to Run Privileged Tasks...
[[0;32m  OK  [0m] Started Permit User Sessions.
         Starting Hold until boot process finishes up...
         Starting Terminate Plymouth Boot Screen...
[[0;32m  OK  [0m] Started Hold until boot process finishes up.
[[0;32m  OK  [0m] Started Serial Getty on ttyS0.
         Starting Set console scheme...
[[0;32m  OK  [0m] Started Getty on tty1.
[[0;32m  OK  [0m] Reached target Login Prompts.
[[0;32m  OK  [0m] Started Set console scheme.
[    7.819681] cloud-init[963]: |         ++o +o=o|
[    7.834128] cloud-init[963]: |        ..+o=o=+o|
[    7.835018] [cloud-init[0;32m  OK  [0m[963]: ] +----[SHA256]-----+Started Terminate Plymouth Boot Screen.

[    7.835375] cloud-init[963]: Generating public/private ecdsa key pair.
[    7.845519] cloud-init[963]: Your identification has been saved in /etc/ssh/ssh_host_ecdsa_key.
[    7.847649] cloud-init[963]: Your public key has been saved in /etc/ssh/ssh_host_ecdsa_key.pub.
[    7.848978] cloud-init[963]: The key fingerprint is:
[    7.858006] [cloud-init[0;32m  OK  [0m[963]: ] SHA256:E6COEyOcZrtinh9zyvQ266POueO33TYCqLk2h40NhF4 root@ubuntu-xenialStarted LSB: Set the CPU Frequency Scaling governor to "ondemand".

[    7.859460] cloud-init[963]: The key's randomart image is:
[    7.868929] [cloud-init[0;32m  OK  [0m[963]: ] +---[ECDSA 256]---+Started Authenticate and Authorize Users to Run Privileged Tasks.

[    7.870230] cloud-init[963]: |      .          |
[    7.871237] cloud-init[963]: |. .  . .         |[[0;32m  OK  [0m] Started Accounts Service.
[[0;32m  OK  [0m] Started Virtualbox guest utils.

[[0;32m  OK  [0m] Started LSB: automatic crash report generation.
[    7.880864] cloud-init[963]: |o=o .   .        |
[    7.883814] cloud-init[963]: |+o.E     .       |
[    7.887174] cloud-init[963]: |o.+ o   S        |
[    7.889140] cloud-init[963]: | o.o .   .       |
[    7.893185] cloud-init[963]: |.oO+ ..          |
[    7.894536] cloud-init[963]: |+B==B=...o       |
[    7.895880] cloud-init[963]: |.+B@B==.o..      |
[    7.897120] cloud-init[963]: +----[SHA256]-----+
[    7.898512] [[0;32m  OK  [0m] Started LSB: daemon to balance interrupts for SMP systems.
cloud-init[963]: Generating public/private ed25519 key pair.
[    7.903060] cloud-init[963]: Your identification has been saved in /etc/ssh/ssh_host_ed25519_key.
[    7.906323] cloud-init[963]: Your public key has been saved in /etc/ssh/ssh_host_ed25519_key.pub.
[    7.907874] cloud-init[963]: The key fingerprint is:
[    7.910404] cloud-init[963]: SHA256:SqbvDye7/PjpqtTZF+ZRKkz/zrGztiYziZOnOtlvIek root@ubuntu-xenial
[    7.911626] cloud-init[963]: The key's randomart image is:
[    7.912534] cloud-init[963]: +--[ED25519 256]--+
[    7.913485] cloud-init[963]: |                 |
[    7.914207] cloud-init[963]: |                 |
[    7.915281] cloud-init[963]: |        .   .    |
[    7.916225] cloud-init[963]: |       o . o     |
[    7.917023] cloud-init[963]: |      o S.*      |
[    7.919023] cloud-init[963]: |     = +o+.+     |
[    7.924505] [cloud-init[0;32m  OK  [0m[963]: ] |    o *+o+ooo    |Started LXD - container startup/shutdown.

[    7.924838] cloud-init[963]: |   . oo*EoBo+o   |
[    7.926657] cloud-init[963]: |    .oXXB*.**+   |
[    7.927971] cloud-init[963]: +----[SHA256]-----+
[[0;32m  OK  [0m] Started Snappy daemon.
         Starting Wait until snapd is fully seeded...
[[0;32m  OK  [0m] Started Pollinate to seed the pseudo random number generator.
         Starting OpenBSD Secure Shell server...
[[0;32m  OK  [0m] Started OpenBSD Secure Shell server.
[[0;32m  OK  [0m] Started Wait until snapd is fully seeded.
[[0;32m  OK  [0m] Reached target Multi-User System.
[[0;32m  OK  [0m] Reached target Graphical Interface.
         Starting Update UTMP about System Runlevel Changes...
         Starting Apply the settings specified in cloud-config...
[[0;32m  OK  [0m] Started Update UTMP about System Runlevel Changes.
[   10.926252] cloud-init[1324]: Generating locales (this might take a while)...
[   11.521245] cloud-init[1324]:   en_US.UTF-8... done
[   11.528492] cloud-init[1324]: Generation complete.
[   11.719979] cloud-init[1324]: Cloud-init v. 19.4-33-gbb4131a2-0ubuntu1~16.04.1 running 'modules:config' at Thu, 30 Apr 2020 14:51:59 +0000. Up 10.85 seconds.
[[0;32m  OK  [0m] Started Apply the settings specified in cloud-config.
         Starting Execute cloud user/final scripts...
[[0;32m  OK  [0m] Created slice User Slice of vagrant.
         Starting User Manager for UID 1000...
[[0;32m  OK  [0m] Started Session 1 of user vagrant.
[[0;32m  OK  [0m] Started User Manager for UID 1000.
ci-info: no authorized SSH keys fingerprints found for user ubuntu.
<14>Apr 30 14:52:00 ec2: 
<14>Apr 30 14:52:00 ec2: #############################################################
<14>Apr 30 14:52:00 ec2: -----BEGIN SSH HOST KEY FINGERPRINTS-----
<14>Apr 30 14:52:00 ec2: 1024 SHA256:TvRxaWjNwlmsnPc/KP1u3ISu2veIkuzYRFmNrRw6/cg root@ubuntu-xenial (DSA)
<14>Apr 30 14:52:00 ec2: 256 SHA256:E6COEyOcZrtinh9zyvQ266POueO33TYCqLk2h40NhF4 root@ubuntu-xenial (ECDSA)
<14>Apr 30 14:52:00 ec2: 256 SHA256:SqbvDye7/PjpqtTZF+ZRKkz/zrGztiYziZOnOtlvIek root@ubuntu-xenial (ED25519)
<14>Apr 30 14:52:00 ec2: 2048 SHA256:ObFm5j2eqfd2XY2VygE/73niMfyJExCUdF+wZvnvvCE root@ubuntu-xenial (RSA)
<14>Apr 30 14:52:00 ec2: -----END SSH HOST KEY FINGERPRINTS-----
<14>Apr 30 14:52:00 ec2: #############################################################
-----BEGIN SSH HOST KEY KEYS-----
ecdsa-sha2-nistp256 AAAAE2VjZHNhLXNoYTItbmlzdHAyNTYAAAAIbmlzdHAyNTYAAABBBLaq3wgfSwChmHowtxx/wJZRi0FoR7gNqzZODsjpAfpOkO2gJ9pslW7V8nO9D6ezfU1IMF8BisxuDjweQRQCdNI= root@ubuntu-xenial
ssh-ed25519 AAAAC3NzaC1lZDI1NTE5AAAAIJIgdKquwZZYwRd6m77i+vOKCbVZr3L/LXevgPSR7gin root@ubuntu-xenial
ssh-rsa AAAAB3NzaC1yc2EAAAADAQABAAABAQCXiSWJzoo9mu13me4ArxENaIVm3JIdstaGURRWUDhpV9eRC+WGot/GMzsG7DRdZ7tWFt+HEoYKV5OoHb8a2xpSeC8FLeHAsh0oFWKoZeCDZbc/oYet+dBVMYmEQL9eXTFrFPfrXXvJ/SeWw/iX5Ui0aPL1i3DMEAmNt9Ohbn+IPIcY4DiUONwhlvk/STRk4gQaz2+VoM41jEC0AN8HvuViSd2vHs3S76OkIuhr+qSahl2f0M7wSDaaGAmiqRLtdFgE41+CTaR8PeBkDJcSVQ9QwRoFyEZw95ickR5U14TlutdRgLmHCcQJ43jT3ZNzhGjQCZ0yOghayPyX2NFY4ZYb root@ubuntu-xenial
-----END SSH HOST KEY KEYS-----
[   12.132449] cloud-init[1363]: Cloud-init v. 19.4-33-gbb4131a2-0ubuntu1~16.04.1 running 'modules:final' at Thu, 30 Apr 2020 14:52:00 +0000. Up 12.00 seconds.
[   12.134340] cloud-init[1363]: ci-info: no authorized SSH keys fingerprints found for user ubuntu.
[   12.141949] cloud-init[1363]: Cloud-init v. 19.4-33-gbb4131a2-0ubuntu1~16.04.1 finished at Thu, 30 Apr 2020 14:52:00 +0000. Datasource DataSourceNoCloud [seed=/dev/sdb][dsmode=net].  Up 12.12 seconds
[[0;32m  OK  [0m] Started Execute cloud user/final scripts.
[[0;32m  OK  [0m] Reached target Cloud-init target.

Ubuntu 16.04.6 LTS ubuntu-xenial ttyS0

ubuntu-xenial login: 