[    0.000000] Initializing cgroup subsys cpuset
[    0.000000] Initializing cgroup subsys cpu
[    0.000000] Initializing cgroup subsys cpuacct
[    0.000000] Linux version 4.4.0-177-generic (buildd@lgw01-amd64-035) (gcc version 5.4.0 20160609 (Ubuntu 5.4.0-6ubuntu1~16.04.12) ) #207-Ubuntu SMP Mon Mar 16 01:16:10 UTC 2020 (Ubuntu 4.4.0-177.207-generic 4.4.214)
[    0.000000] Command line: BOOT_IMAGE=/boot/vmlinuz-4.4.0-177-generic root=LABEL=cloudimg-rootfs ro console=tty1 console=ttyS0
[    0.000000] KERNEL supported cpus:
[    0.000000]   Intel GenuineIntel
[    0.000000]   AMD AuthenticAMD
[    0.000000]   Centaur CentaurHauls
[    0.000000] x86/fpu: xstate_offset[2]:  576, xstate_sizes[2]:  256
[    0.000000] x86/fpu: Supporting XSAVE feature 0x01: 'x87 floating point registers'
[    0.000000] x86/fpu: Supporting XSAVE feature 0x02: 'SSE registers'
[    0.000000] x86/fpu: Supporting XSAVE feature 0x04: 'AVX registers'
[    0.000000] x86/fpu: Enabled xstate features 0x7, context size is 832 bytes, using 'standard' format.
[    0.000000] e820: BIOS-provided physical RAM map:
[    0.000000] BIOS-e820: [mem 0x0000000000000000-0x000000000009fbff] usable
[    0.000000] BIOS-e820: [mem 0x000000000009fc00-0x000000000009ffff] reserved
[    0.000000] BIOS-e820: [mem 0x00000000000f0000-0x00000000000fffff] reserved
[    0.000000] BIOS-e820: [mem 0x0000000000100000-0x000000001ffeffff] usable
[    0.000000] BIOS-e820: [mem 0x000000001fff0000-0x000000001fffffff] ACPI data
[    0.000000] BIOS-e820: [mem 0x00000000fec00000-0x00000000fec00fff] reserved
[    0.000000] BIOS-e820: [mem 0x00000000fee00000-0x00000000fee00fff] reserved
[    0.000000] BIOS-e820: [mem 0x00000000fffc0000-0x00000000ffffffff] reserved
[    0.000000] NX (Execute Disable) protection: active
[    0.000000] SMBIOS 2.5 present.
[    0.000000] Hypervisor detected: KVM
[    0.000000] e820: last_pfn = 0x1fff0 max_arch_pfn = 0x400000000
[    0.000000] MTRR: Disabled
[    0.000000] x86/PAT: MTRRs disabled, skipping PAT initialization too.
[    0.000000] CPU MTRRs all blank - virtualized system.
[    0.000000] x86/PAT: Configuration [0-7]: WB  WT  UC- UC  WB  WT  UC- UC  
[    0.000000] found SMP MP-table at [mem 0x0009fff0-0x0009ffff] mapped at [ffff88000009fff0]
[    0.000000] Scanning 1 areas for low memory corruption
[    0.000000] RAMDISK: [mem 0x1e8ad000-0x1f732fff]
[    0.000000] ACPI: Early table checksum verification disabled
[    0.000000] ACPI: RSDP 0x00000000000E0000 000024 (v02 VBOX  )
[    0.000000] ACPI: XSDT 0x000000001FFF0030 00003C (v01 VBOX   VBOXXSDT 00000001 ASL  00000061)
[    0.000000] ACPI: FACP 0x000000001FFF00F0 0000F4 (v04 VBOX   VBOXFACP 00000001 ASL  00000061)
[    0.000000] ACPI: DSDT 0x000000001FFF0470 002325 (v02 VBOX   VBOXBIOS 00000002 INTL 20100528)
[    0.000000] ACPI: FACS 0x000000001FFF0200 000040
[    0.000000] ACPI: FACS 0x000000001FFF0200 000040
[    0.000000] ACPI: APIC 0x000000001FFF0240 000054 (v02 VBOX   VBOXAPIC 00000001 ASL  00000061)
[    0.000000] ACPI: SSDT 0x000000001FFF02A0 0001CC (v01 VBOX   VBOXCPUT 00000002 INTL 20100528)
[    0.000000] No NUMA configuration found
[    0.000000] Faking a node at [mem 0x0000000000000000-0x000000001ffeffff]
[    0.000000] NODE_DATA(0) allocated [mem 0x1ffeb000-0x1ffeffff]
[    0.000000] kvm-clock: Using msrs 4b564d01 and 4b564d00
[    0.000000] kvm-clock: cpu 0, msr 0:1ffe3001, primary cpu clock
[    0.000000] kvm-clock: using sched offset of 5595706801 cycles
[    0.000000] clocksource: kvm-clock: mask: 0xffffffffffffffff max_cycles: 0x1cd42e4dffb, max_idle_ns: 881590591483 ns
[    0.000000] Zone ranges:
[    0.000000]   DMA      [mem 0x0000000000001000-0x0000000000ffffff]
[    0.000000]   DMA32    [mem 0x0000000001000000-0x000000001ffeffff]
[    0.000000]   Normal   empty
[    0.000000]   Device   empty
[    0.000000] Movable zone start for each node
[    0.000000] Early memory node ranges
[    0.000000]   node   0: [mem 0x0000000000001000-0x000000000009efff]
[    0.000000]   node   0: [mem 0x0000000000100000-0x000000001ffeffff]
[    0.000000] Initmem setup node 0 [mem 0x0000000000001000-0x000000001ffeffff]
[    0.000000] ACPI: PM-Timer IO Port: 0x4008
[    0.000000] IOAPIC[0]: apic_id 1, version 32, address 0xfec00000, GSI 0-23
[    0.000000] ACPI: INT_SRC_OVR (bus 0 bus_irq 0 global_irq 2 dfl dfl)
[    0.000000] ACPI: INT_SRC_OVR (bus 0 bus_irq 9 global_irq 9 low level)
[    0.000000] Using ACPI (MADT) for SMP configuration information
[    0.000000] smpboot: Allowing 1 CPUs, 0 hotplug CPUs
[    0.000000] PM: Registered nosave memory: [mem 0x00000000-0x00000fff]
[    0.000000] PM: Registered nosave memory: [mem 0x0009f000-0x0009ffff]
[    0.000000] PM: Registered nosave memory: [mem 0x000a0000-0x000effff]
[    0.000000] PM: Registered nosave memory: [mem 0x000f0000-0x000fffff]
[    0.000000] e820: [mem 0x20000000-0xfebfffff] available for PCI devices
[    0.000000] Booting paravirtualized kernel on KVM
[    0.000000] clocksource: refined-jiffies: mask: 0xffffffff max_cycles: 0xffffffff, max_idle_ns: 7645519600211568 ns
[    0.000000] setup_percpu: NR_CPUS:512 nr_cpumask_bits:512 nr_cpu_ids:1 nr_node_ids:1
[    0.000000] PERCPU: Embedded 33 pages/cpu @ffff88001fc00000 s95448 r8192 d31528 u2097152
[    0.000000] Built 1 zonelists in Node order, mobility grouping on.  Total pages: 128888
[    0.000000] Policy zone: DMA32
[    0.000000] Kernel command line: BOOT_IMAGE=/boot/vmlinuz-4.4.0-177-generic root=LABEL=cloudimg-rootfs ro console=tty1 console=ttyS0
[    0.000000] PID hash table entries: 2048 (order: 2, 16384 bytes)
[    0.000000] Memory: 481732K/523832K available (8626K kernel code, 1336K rwdata, 4036K rodata, 1488K init, 1292K bss, 42100K reserved, 0K cma-reserved)
[    0.000000] SLUB: HWalign=64, Order=0-3, MinObjects=0, CPUs=1, Nodes=1
[    0.000000] Kernel/User page tables isolation: enabled
[    0.000000] Hierarchical RCU implementation.
[    0.000000] 	Build-time adjustment of leaf fanout to 64.
[    0.000000] 	RCU restricting CPUs from NR_CPUS=512 to nr_cpu_ids=1.
[    0.000000] RCU: Adjusting geometry for rcu_fanout_leaf=64, nr_cpu_ids=1
[    0.000000] NR_IRQS:33024 nr_irqs:256 16
[    0.000000] Console: colour VGA+ 80x25
[    0.000000] console [tty1] enabled
[    0.000000] console [ttyS0] enabled
[    0.000000] tsc: Detected 2903.998 MHz processor
[    0.165330] Calibrating delay loop (skipped) preset value.. 5807.99 BogoMIPS (lpj=11615992)
[    0.167600] pid_max: default: 32768 minimum: 301
[    0.169204] ACPI: Core revision 20150930
[    0.171041] ACPI: 2 ACPI AML tables successfully acquired and loaded
[    0.172572] Security Framework initialized
[    0.173513] Yama: becoming mindful.
[    0.174966] AppArmor: AppArmor initialized
[    0.176030] Dentry cache hash table entries: 65536 (order: 7, 524288 bytes)
[    0.178100] Inode-cache hash table entries: 32768 (order: 6, 262144 bytes)
[    0.179903] Mount-cache hash table entries: 1024 (order: 1, 8192 bytes)
[    0.181456] Mountpoint-cache hash table entries: 1024 (order: 1, 8192 bytes)
[    0.183149] Initializing cgroup subsys io
[    0.184137] Initializing cgroup subsys memory
[    0.185309] Initializing cgroup subsys devices
[    0.186369] Initializing cgroup subsys freezer
[    0.187419] Initializing cgroup subsys net_cls
[    0.188551] Initializing cgroup subsys perf_event
[    0.189618] Initializing cgroup subsys net_prio
[    0.190754] Initializing cgroup subsys hugetlb
[    0.191920] Initializing cgroup subsys pids
[    0.194009] mce: CPU supports 0 MCE banks
[    0.194960] process: using mwait in idle threads
[    0.195998] Last level iTLB entries: 4KB 64, 2MB 8, 4MB 8
[    0.197278] Last level dTLB entries: 4KB 64, 2MB 0, 4MB 0, 1GB 4
[    0.198591] Spectre V1 : Mitigation: usercopy/swapgs barriers and __user pointer sanitization
[    0.200496] Spectre V2 : Mitigation: Full generic retpoline
[    0.201749] Spectre V2 : Spectre v2 / SpectreRSB mitigation: Filling RSB on context switch
[    0.203649] Speculative Store Bypass: Vulnerable
[    0.204984] MDS: Mitigation: Clear CPU buffers
[    0.228631] Freeing SMP alternatives memory: 36K
[    0.235845] ftrace: allocating 32304 entries in 127 pages
[    0.289244] smpboot: APIC(0) Converting physical 0 to logical package 0
[    0.291582] smpboot: Max logical packages: 1
[    0.293043] x2apic enabled
[    0.294021] Switched APIC routing to physical x2apic.
[    0.296508] ..TIMER: vector=0x30 apic1=0 pin1=2 apic2=-1 pin2=-1
[    0.406760] smpboot: CPU0: Intel(R) Core(TM) i7-7820HQ CPU @ 2.90GHz (family: 0x6, model: 0x9e, stepping: 0x9)
[    0.409786] Performance Events: unsupported p6 CPU model 158 no PMU driver, software events only.
[    0.421202] KVM setup paravirtual spinlock
[    0.423338] x86: Booted up 1 node, 1 CPUs
[    0.424333] smpboot: Total of 1 processors activated (5807.99 BogoMIPS)
[    0.426029] devtmpfs: initialized
[    0.428542] evm: security.selinux
[    0.429732] evm: security.SMACK64
[    0.430564] evm: security.SMACK64EXEC
[    0.431901] evm: security.SMACK64TRANSMUTE
[    0.433115] evm: security.SMACK64MMAP
[    0.433964] evm: security.ima
[    0.434683] evm: security.capability
[    0.435696] clocksource: jiffies: mask: 0xffffffff max_cycles: 0xffffffff, max_idle_ns: 7645041785100000 ns
[    0.438361] futex hash table entries: 256 (order: 2, 16384 bytes)
[    0.439806] pinctrl core: initialized pinctrl subsystem
[    0.441136] RTC time: 16:52:36, date: 05/03/20
[    0.442615] NET: Registered protocol family 16
[    0.444293] cpuidle: using governor ladder
[    0.445314] cpuidle: using governor menu
[    0.446256] PCCT header not found.
[    0.447160] ACPI: bus type PCI registered
[    0.448431] acpiphp: ACPI Hot Plug PCI Controller Driver version: 0.5
[    0.450098] PCI: Using configuration type 1 for base access
[    0.455493] ACPI: Added _OSI(Module Device)
[    0.457200] ACPI: Added _OSI(Processor Device)
[    0.458704] ACPI: Added _OSI(3.0 _SCP Extensions)
[    0.460135] ACPI: Added _OSI(Processor Aggregator Device)
[    0.462348] ACPI: Executed 1 blocks of module-level executable AML code
[    0.465723] ACPI: Interpreter enabled
[    0.466781] ACPI: (supports S0 S5)
[    0.467681] ACPI: Using IOAPIC for interrupt routing
[    0.469012] PCI: Using host bridge windows from ACPI; if necessary, use "pci=nocrs" and report a bug
[    0.474967] ACPI: PCI Root Bridge [PCI0] (domain 0000 [bus 00-ff])
[    0.476627] acpi PNP0A03:00: _OSC: OS supports [ASPM ClockPM Segments MSI]
[    0.478390] acpi PNP0A03:00: _OSC: not requesting OS control; OS requires [ExtendedConfig ASPM ClockPM MSI]
[    0.480636] acpi PNP0A03:00: fail to add MMCONFIG information, can't access extended PCI configuration space under this bridge.
[    0.483577] PCI host bridge to bus 0000:00
[    0.484766] pci_bus 0000:00: root bus resource [io  0x0000-0x0cf7 window]
[    0.486566] pci_bus 0000:00: root bus resource [io  0x0d00-0xffff window]
[    0.488196] pci_bus 0000:00: root bus resource [mem 0x000a0000-0x000bffff window]
[    0.490235] pci_bus 0000:00: root bus resource [mem 0x20000000-0xfdffffff window]
[    0.491979] pci_bus 0000:00: root bus resource [bus 00-ff]
[    0.495958] pci 0000:00:01.1: legacy IDE quirk: reg 0x10: [io  0x01f0-0x01f7]
[    0.497943] pci 0000:00:01.1: legacy IDE quirk: reg 0x14: [io  0x03f6]
[    0.499502] pci 0000:00:01.1: legacy IDE quirk: reg 0x18: [io  0x0170-0x0177]
[    0.501103] pci 0000:00:01.1: legacy IDE quirk: reg 0x1c: [io  0x0376]
[    0.512349] pci 0000:00:07.0: quirk: [io  0x4000-0x403f] claimed by PIIX4 ACPI
[    0.521512] pci 0000:00:07.0: quirk: [io  0x4100-0x410f] claimed by PIIX4 SMB
[    0.530143] ACPI: PCI Interrupt Link [LNKA] (IRQs 5 9 10 *11)
[    0.532557] ACPI: PCI Interrupt Link [LNKB] (IRQs 5 9 *10 11)
[    0.534227] ACPI: PCI Interrupt Link [LNKC] (IRQs 5 *9 10 11)
[    0.536008] ACPI: PCI Interrupt Link [LNKD] (IRQs 5 9 10 *11)
[    0.537712] ACPI: Enabled 2 GPEs in block 00 to 07
[    0.539046] vgaarb: setting as boot device: PCI:0000:00:02.0
[    0.540285] vgaarb: device added: PCI:0000:00:02.0,decodes=io+mem,owns=io+mem,locks=none
[    0.542490] vgaarb: loaded
[    0.543166] vgaarb: bridge control possible 0000:00:02.0
[    0.544593] SCSI subsystem initialized
[    0.545833] ACPI: bus type USB registered
[    0.547256] usbcore: registered new interface driver usbfs
[    0.549021] usbcore: registered new interface driver hub
[    0.550201] usbcore: registered new device driver usb
[    0.552186] PCI: Using ACPI for IRQ routing
[    0.553709] NetLabel: Initializing
[    0.554544] NetLabel:  domain hash size = 128
[    0.555694] NetLabel:  protocols = UNLABELED CIPSOv4
[    0.556881] NetLabel:  unlabeled traffic allowed by default
[    0.558350] amd_nb: Cannot enumerate AMD northbridges
[    0.559711] clocksource: Switched to clocksource kvm-clock
[    0.567465] AppArmor: AppArmor Filesystem Enabled
[    0.568989] pnp: PnP ACPI init
[    0.571239] pnp: PnP ACPI: found 3 devices
[    0.577681] clocksource: acpi_pm: mask: 0xffffff max_cycles: 0xffffff, max_idle_ns: 2085701024 ns
[    0.579929] NET: Registered protocol family 2
[    0.581459] TCP established hash table entries: 4096 (order: 3, 32768 bytes)
[    0.583522] TCP bind hash table entries: 4096 (order: 4, 65536 bytes)
[    0.584935] TCP: Hash tables configured (established 4096 bind 4096)
[    0.586313] UDP hash table entries: 256 (order: 1, 8192 bytes)
[    0.587622] UDP-Lite hash table entries: 256 (order: 1, 8192 bytes)
[    0.589088] NET: Registered protocol family 1
[    0.590111] pci 0000:00:00.0: Limiting direct PCI/PCI transfers
[    0.591928] pci 0000:00:01.0: Activating ISA DMA hang workarounds
[    0.593816] Unpacking initramfs...
[    0.832807] Freeing initrd memory: 14872K
[    0.834448] clocksource: tsc: mask: 0xffffffffffffffff max_cycles: 0x29dc03c1beb, max_idle_ns: 440795205215 ns
[    0.837326] platform rtc_cmos: registered platform RTC device (no PNP device found)
[    0.839536] Scanning for low memory corruption every 60 seconds
[    0.841164] audit: initializing netlink subsys (disabled)
[    0.842500] audit: type=2000 audit(1588524763.077:1): initialized
[    0.844106] Initialise system trusted keyring
[    0.845270] HugeTLB registered 2 MB page size, pre-allocated 0 pages
[    0.847869] zbud: loaded
[    0.849116] VFS: Disk quotas dquot_6.6.0
[    0.850263] VFS: Dquot-cache hash table entries: 512 (order 0, 4096 bytes)
[    0.851976] squashfs: version 4.0 (2009/01/31) Phillip Lougher
[    0.853699] fuse init (API version 7.23)
[    0.854819] Key type big_key registered
[    0.855901] Allocating IMA MOK and blacklist keyrings.
[    0.857300] Key type asymmetric registered
[    0.858253] Asymmetric key parser 'x509' registered
[    0.859609] Block layer SCSI generic (bsg) driver version 0.4 loaded (major 249)
[    0.861526] io scheduler noop registered
[    0.862445] io scheduler deadline registered (default)
[    0.863607] io scheduler cfq registered
[    0.864631] pci_hotplug: PCI Hot Plug PCI Core version: 0.5
[    0.865853] pciehp: PCI Express Hot Plug Controller Driver version: 0.4
[    0.867627] ACPI: AC Adapter [AC] (on-line)
[    0.868813] input: Power Button as /devices/LNXSYSTM:00/LNXPWRBN:00/input/input0
[    0.870891] ACPI: Power Button [PWRF]
[    0.872203] input: Sleep Button as /devices/LNXSYSTM:00/LNXSLPBN:00/input/input1
[    0.873930] ACPI: Sleep Button [SLPF]
[    0.875850] ACPI: Battery Slot [BAT0] (battery present)
[    0.877569] GHES: HEST is not enabled!
[    0.878578] Serial: 8250/16550 driver, 32 ports, IRQ sharing enabled
[    0.900836] 00:02: ttyS0 at I/O 0x3f8 (rq = 4, base_baud = 115200) is a 6550A
    0.918304] Linux agpgart interface v0.103
[    0.922648] loop: module loaded
[    0.924236] scsi host0: ata_piix
[    0.925464] scsi host1: ata_piix
[    0.926467] ata1: PATA max UDMA/33 cmd 0x1f0 ctl 0x3f6 bmdma 0xd000 irq 14
[    0.928130] ata2: PATA max UDMA/33 cmd 0x170 ctl 0x376 bmdma 0xd008 irq 15
[    0.930344] libphy: Fixed MDIO Bus: probed
[    0.931391] tun: Universal TUN/TAP device driver, 1.6
[    0.932677] tun: (C) 1999-2004 Max Krasnyansky <maxk@qualcomm.com>
[    0.934041] PPP generic driver version 2.4.2
[    0.935150] ehci_hcd: USB 2.0 'Enhanced' Host Controller (EHCI) Driver
[    0.936764] ehci-pci: EHCI PCI platform driver
[    0.937919] ehci-platform: EHCI generic platform driver
[    0.939086] ohci_hcd: USB 1.1 'Open' Host Controller (OHCI) Driver
[    0.940472] ohci-pci: OHCI PCI platform driver
[    0.941494] ohci-platform: OHCI generic platform driver
[    0.942656] uhci_hcd: USB Universal Host Controller Interface driver
[    0.944051] i8042: PNP: PS/2 Controller [PNP0303:PS2K,PNP0f03:PS2M] at 0x60,0x64 irq 1,12
[    0.946374] serio: i8042 KBD port at 0x60,0x64 irq 1
[    0.947626] serio: i8042 AUX port at 0x60,0x64 irq 12
[    0.948839] mousedev: PS/2 mouse device common for all mice
[    0.950257] input: AT Translated Set 2 keyboard as /devices/platform/i8042/serio0/input/input2
[    0.953122] rtc_cmos rtc_cmos: rtc core: registered rtc_cmos as rtc0
[    0.954919] rtc_cmos rtc_cmos: alarms up to one day, 114 bytes nvram
[    0.956835] i2c /dev entries driver
[    0.957837] device-mapper: uevent: version 1.0.3
[    0.959114] device-mapper: ioctl: 4.34.0-ioctl (2015-10-28) initialised: dm-devel@redhat.com
[    0.961094] ledtrig-cpu: registered to indicate activity on CPUs
[    0.962610] NET: Registered protocol family 10
[    0.963752] NET: Registered protocol family 17
[    0.964804] Key type dns_resolver registered
[    0.965959] registered taskstats version 1
[    0.966924] Loading compiled-in X.509 certificates
[    0.968485] Loaded X.509 cert 'Build time autogenerated kernel key: a048edf52b07f04005c7780de0f875c713550332'
[    0.970919] zswap: loaded using pool lzo/zbud
[    0.973115] Key type trusted registered
[    0.975975] Key type encrypted registered
[    0.976995] AppArmor: AppArmor sha1 policy hashing enabled
[    0.978186] ima: No TPM chip found, activating TPM-bypass!
[    0.979378] ima: Allocated hash algorithm: sha1
[    0.980510] evm: HMAC attrs: 0x1
[    0.981613]   Magic number: 4:255:893
[    0.982601] rtc_cmos rtc_cmos: setting system clock to 2020-05-03 16:52:36 UTC (1588524756)
[    0.984777] BIOS EDD facility v0.16 2004-Jun-25, 0 devices found
[    0.986447] EDD information not available.
[    1.109140] Freeing unused kernel memory: 1488K
[    1.110740] Write protecting the kernel read-only data: 14336k
[    1.112972] Freeing unused kernel memory: 1604K
[    1.114296] Freeing unused kernel memory: 60K
Loading, please wait...
starting version 229
[    1.124483] random: udevadm: uninitialized urandom read (16 bytes read, 3 bits of entropy available)
[    1.126962] random: udevadm: uninitialized urandom read (16 bytes read, 3 bits of entropy available)
[    1.129567] random: systemd-udevd: uninitialized urandom read (16 bytes read, 3 bits of entropy available)
[    1.131865] random: systemd-udevd: uninitialized urandom read (16 bytes read, 3 bits of entropy available)
[    1.134139] random: systemd-udevd: uninitialized urandom read (16 bytes read, 3 bits of entropy available)
[    1.136764] random: systemd-udevd: uninitialized urandom read (16 bytes read, 3 bits of entropy available)
[    1.146849] random: systemd-udevd: uninitialized urandom read (16 bytes read, 3 bits of entropy available)
[    1.151126] random: systemd-udevd: uninitialized urandom read (16 bytes read, 3 bits of entropy available)
[    1.154605] random: udevadm: uninitialized urandom read (16 bytes read, 3 bits of entropy available)
[    1.156712] random: systemd-udevd: uninitialized urandom read (16 bytes read, 3 bits of entropy available)
[    1.204670] e1000: Intel(R) PRO/1000 Network Driver - version 7.3.21-k8-NAPI
[    1.206731] e1000: Copyright (c) 1999-2006 Intel Corporation.
[    1.211508] Fusion MPT base driver 3.04.20
[    1.213459] Copyright (c) 1999-2008 LSI Corporation
[    1.226979] Fusion MPT SPI Host driver 3.04.20
[    1.243488] AVX2 version of gcm_enc/dec engaged.
[    1.244755] AES CTR mode by8 optimization enabled
[    1.425106] input: ImExPS/2 Generic Explorer Mouse as /devices/platform/i8042/serio1/input/input4
[    1.629501] e1000 0000:00:03.0 eth0: (PCI:33MHz:32-bit) 02:f4:cb:fd:67:72
[    1.631418] e1000 0000:00:03.0 eth0: Intel(R) PRO/1000 Network Connection
[    1.633979] mptbase: ioc0: Initiating bringup
[    1.695907] ioc0: LSI53C1030 A0: Capabilities={Initiator}
[    1.858063] scsi host2: ioc0: LSI53C1030 A0, FwRev=00000000h, Ports=1, MaxQ=256, IRQ=20
[    1.969853] scsi 2:0:0:0: Direct-Access     VBOX     HARDDISK         1.0  PQ: 0 ANSI: 5
[    1.972440] scsi target2:0:0: Beginning Domain Validation
[    1.975769] scsi target2:0:0: Domain Validation skipping write tests
[    1.977494] scsi target2:0:0: Ending Domain Validation
[    1.978827] scsi target2:0:0: asynchronous
[    1.980022] scsi 2:0:1:0: Direct-Access     VBOX     HARDDISK         1.0  PQ: 0 ANSI: 5
[    1.981866] scsi target2:0:1: Beginning Domain Validation
[    1.983812] scsi target2:0:1: Domain Validation skipping write tests
[    1.985174] scsi target2:0:1: Ending Domain Validation
[    1.986340] scsi target2:0:1: asynchronous
[    1.990475] sd 2:0:0:0: Attached scsi generic sg0 type 0
[    1.992154] sd 2:0:0:0: [sda] 20971520 512-byte logical blocks: (10.7 GB/10.0 GiB)
[    2.006295] sd 2:0:1:0: Attached scsi generic sg1 type 0
[    2.008421] sd 2:0:1:0: [sdb] 20480 512-byte logical blocks: (10.5 MB/10.0 MiB)
[    2.010330] sd 2:0:1:0: [sdb] Write Protect is off
[    2.016269] sd 2:0:1:0: [sdb] Incomplete mode parameter data
[    2.017926] sd 2:0:1:0: [sdb] Assuming drive cache: write through
[    2.029786] sd 2:0:0:0: [sda] Write Protect is off
[    2.031678] sd 2:0:0:0: [sda] Incomplete mode parameter data
[    2.033454] sd 2:0:0:0: [sda] Assuming drive cache: write through
[    2.044364] sd 2:0:1:0: [sdb] Attached SCSI disk
[    2.064616]  sda: sda1
[    2.079939] sd 2:0:0:0: [sda] Attached SCSI disk
[    2.392355] e1000 0000:00:08.0 eth1: (PCI:33MHz:32-bit) 08:00:27:10:04:0d
[    2.393859] e1000 0000:00:08.0 eth1: Intel(R) PRO/1000 Network Connection
[    2.396307] e1000 0000:00:08.0 enp0s8: renamed from eth1
[    2.399043] e1000 0000:00:03.0 enp0s3: renamed from eth0
Begin: Loading essential drivers ... [    3.664405] md: linear personality registered for level -1
[    3.668430] md: multipath personality registered for level -4
[    3.672499] md: raid0 personality registered for level 0
[    3.676601] md: raid1 personality registered for level 1
[    3.745941] raid6: sse2x1   gen() 10839 MB/s
[    3.814626] raid6: sse2x1   xor()  8947 MB/s
[    3.886318] raid6: sse2x2   gen() 15084 MB/s
[    3.957261] raid6: sse2x2   xor() 10462 MB/s
[    4.031225] raid6: sse2x4   gen() 18331 MB/s
[    4.111276] raid6: sse2x4   xor() 12479 MB/s
[    4.185154] raid6: avx2x1   gen() 24285 MB/s
[    4.261698] raid6: avx2x2   gen() 30890 MB/s
[    4.328095] raid6: avx2x4   gen() 27287 MB/s
[    4.329526] raid6: using algorithm avx2x2 gen() 30890 MB/s
[    4.331139] raid6: using avx2x2 recovery algorithm
[    4.333992] xor: automatically using best checksumming function:
[    4.391630]    avx       : 65988.000 MB/sec
[    4.394777] async_tx: api initialized (async)
[    4.407155] md: raid6 personality registered for level 6
[    4.408835] md: raid5 personality registered for level 5
[    4.410101] md: raid4 personality registered for level 4
[    4.416261] md: raid10 personality registered for level 10
done.
Begin: Running /scripts/init-premount ... done.
Begin: Mounting root file system ... Begin: Running /scripts/local-top ... done.
Begin: Running /scripts/local-premount ... [    4.446224] Btrfs loaded
Scanning for Btrfs filesystems
done.
Warning: fsck not present, so skipping root file system
[    4.486684] EXT4-fs (sda1): mounted filesystem with ordered data mode. Opts: (null)
done.
Begin: Running /scripts/local-bottom ... done.
Begin: Running /scripts/init-bottom ... done.
[    4.585204] systemd[1]: systemd 229 running in system mode. (+PAM +AUDIT +SELINUX +IMA +APPARMOR +SMACK +SYSVINIT +UTMP +LIBCRYPTSETUP +GCRYPT +GNUTLS +ACL +XZ -LZ4 +SECCOMP +BLKID +ELFUTILS +KMOD -IDN)
[    4.591524] systemd[1]: Detected virtualization oracle.
[    4.593298] systemd[1]: Detected architecture x86-64.

Welcome to [1mUbuntu 16.04.6 LTS[0m!

[    4.598148] systemd[1]: Set hostname to <nfsserver>.
[    4.741561] systemd[1]: Set up automount Arbitrary Executable File Formats File System Automount Point.
[[0;32m  OK  [0m] Set up automount Arbitrary Executab...ats File System Automount Point.
[    4.745477] systemd[1]: Listening on Journal Socket.
[[0;32m  OK  [0m] Listening on Journal Socket.
[    4.747785] systemd[1]: PNFS blkmaping enablement. is not active.
[[0;1;39m INFO [0m] PNFS blkmaping enablement. is not active.
[    4.750434] systemd[1]: Dependency failed for pNFS block layout mapping daemon.
[[0;1;33mDEPEND[0m] Dependency failed for pNFS block layout mapping daemon.
[    4.754159] systemd[1]: nfs-blkmap.service: Job nfs-blkmap.service/start failed with result 'dependency'.
[    4.756174] systemd[1]: Listening on LVM2 metadata daemon socket.
[[0;32m  OK  [0m] Listening on LVM2 metadata daemon socket.
[    4.759366] systemd[1]: Reached target User and Group Name Lookups.
[[0;32m  OK  [0m] Reached target User and Group Name Lookups.
[    4.762120] systemd[1]: Listening on /dev/initctl Compatibility Named Pipe.
[[0;32m  OK  [0m] Listening on /dev/initctl Compatibility Named Pipe.
[    4.765232] systemd[1]: Reached target Encrypted Volumes.
[[0;32m  OK  [0m] Reached target Encrypted Volumes.
[    4.767576] systemd[1]: Listening on udev Control Socket.
[[0;32m  OK  [0m] Listening on udev Control Socket.
[    4.769917] systemd[1]: Started Trigger resolvconf update for networkd DNS.
[[0;32m  OK  [0m] Started Trigger resolvconf update for networkd DNS.
[    4.781119] systemd[1]: Listening on Journal Audit Socket.
[[0;32m  OK  [0m] Listening on Journal Audit Socket.
[    4.784270] systemd[1]: Listening on LVM2 poll daemon socket.
[[0;32m  OK  [0m] Listening on LVM2 poll daemon socket.
[    4.787224] systemd[1]: Created slice User and Session Slice.
[[0;32m  OK  [0m] Created slice User and Session Slice.
[    4.789636] systemd[1]: Started Forward Password Requests to Wall Directory Watch.
[[0;32m  OK  [0m] Started Forward Password Requests to Wall Directory Watch.
[    4.800158] systemd[1]: Listening on udev Kernel Socket.
[[0;32m  OK  [0m] Listening on udev Kernel Socket.
[    4.808508] systemd[1]: Listening on Journal Socket (/dev/log).
[[0;32m  OK  [0m] Listening on Journal Socket (/dev/log).
[    4.816055] systemd[1]: Reached target System Time Synchronized.
[[0;32m  OK  [0m] Reached target System Time Synchronized.
[    4.824828] systemd[1]: Created slice System Slice.
[[0;32m  OK  [0m] Created slice System Slice.
[    4.828671] systemd[1]: Mounting Huge Pages File System...
         Mounting Huge Pages File System...
[    4.832081] systemd[1]: Mounting NFSD configuration filesystem...
         Mounting NFSD configuration filesystem...
[    4.838105] systemd[1]: Starting Uncomplicated firewall...
         Starting Uncomplicated firewall...
[    4.844514] systemd[1]: Created slice system-serial\x2dgetty.slice.
[[0;32m  OK  [0m] Created slice system-serial\x2dgetty.slice.
[    4.849398] systemd[1]: Mounting RPC Pipe File System...
         Mounting RPC Pipe File System...
[    4.855022] systemd[1]: Starting Set console keymap...
         Starting Set console keymap...
[    4.870920] systemd[1]: Starting Remount Root and Kernel File Systems...
         Starting Remount Root and Kernel File Systems...
[    4.874803] RPC: Registered named UNIX socket transport module.
[    4.876169] RPC: Registered udp transport module.
[    4.877254] RPC: Registered tcp transport module.
[    4.878409] RPC: Registered tcp NFSv4.1 backchannel transport module.
[    4.882164] EXT4-fs (sda1): re-mounted. Opts: (null)
[    4.884726] systemd[1]: Starting Create list of required static device nodes for the current kernel...
         Starting Create list of required st... nodes for the current kernel...
[    4.904865] systemd[1]: Mounting Debug File System...
         Mounting Debug File System...
[    4.908225] systemd[1]: Reached target Slices.
[[0;32m  OK  [0m[    4.915434] Installing knfsd (copyright (C) 1996 okir@monad.swb.de).
] Reached target Slices.
[    4.919245] systemd[1]: Mounting POSIX Message Queue File System...
         Mounting POSIX Message Queue File System...
[    4.925994] systemd[1]: Starting Nameserver information manager...
         Starting Nameserver information manager...
[    4.935896] systemd[1]: Listening on Syslog Socket.
[[0;32m  OK  [0m] Listening on Syslog Socket.
[    4.940382] systemd[1]: Starting Journal Service...
         Starting Journal Service...
[    4.945625] systemd[1]: Starting Load Kernel Modules...
         Starting Load Kernel Modules...
[    4.950117] systemd[1]: Reached target Swap.
[[0;32m  OK  [0m] Reached target Swap.
[    4.955542] systemd[1]: Listening on Device-mapper event daemon FIFOs.
[[0;32m  OK  [0m] Listening on Device-mapper event daemon FIFOs.
[    4.959488] systemd[1]: Starting Monitoring of LVM2 mirrors, snapshots etc. using dmeventd or progress polling...
[    4.965279] Loading iSCSI transport class v2.0-870.
         Starting Monitoring of LVM2 mirrors... dmeventd or progress polling...
[    4.973783] systemd[1]: Mounted NFSD configuration filesystem.
[[0;32m  OK  [0m] Mounted NFSD configuration filesystem.
[    4.976460] systemd[1]: Mounted RPC Pipe File System.
[[0;32m  OK  [0m] Mounted RPC Pipe File System.
[    4.982036] systemd[1]: Mounted Debug File System.
[[0;32m  OK  [0m] Mounted Debug File System.
[    4.986943] systemd[1]: Mounted POSIX Message Queue File System.
[[0;32m  OK  [0m] Mounted POSIX Message Queue File System.
[    4.993405] systemd[1]: Mounted Huge Pages File System.
[[0;32m  OK  [0m] Mounted Huge Pages File System.
[    4.996479] systemd[1]: Started Uncomplicated firewall.
[[0;32m  OK  [0m] Started Uncomplicated firewall.
[    5.003974] systemd[1]: Started Set console keymap.
[[0;32m  OK  [0m] Started Set console keymap.
[    5.007027] iscsi: registered transport (tcp)
[    5.008817] systemd[1]: Started Remount Root and Kernel File Systems.
[[0;32m  OK  [0m] Started Remount Root and Kernel File Systems.
[    5.012607] systemd[1]: Started Create list of required static device nodes for the current kernel.
[[0;32m  OK  [0m] Started Create list of required sta...ce nodes for the current kernel.
[    5.019573] systemd[1]: Started Journal Service.
[[0;32m  OK  [0m] Started Journal Service.
[[0;32m  OK  [0m] Started Nameserver information manager.
[[0;32m  OK  [0m] Started LVM2 metadata daemon.
         Starting Create Static Device Nodes in /dev...
         Starting Load/Save Random Seed...
         Starting udev Coldplug all Devices...
         Starting Flush Journal to Persistent Storage...
[[0;32m  OK  [0m] Started Load/Save Random Seed.
[    5.068523] systemd-journald[405]: Received request to flush runtime journal from PID 1
[[0;32m  OK  [0m] Started Flush Journal to Persistent Storage.
[[0;32m  OK  [0m] Started Create Static Device Nodes in /dev.
         Starting udev Kernel Device Manager...
[    5.107251] iscsi: registered transport (iser)
[[0;32m  OK  [0m[    5.114856] random: nonblocking pool is initialized
] Started Load Kernel Modules.
         Mounting FUSE Control File System...
         Starting Apply Kernel Variables...
[[0;32m  OK  [0m] Mounted FUSE Control File System.
[[0;32m  OK  [0m] Started Apply Kernel Variables.
[[0;32m  OK  [0m] Started udev Kernel Device Manager.
[[0;32m  OK  [0m] Started udev Coldplug all Devices.
[[0;32m  OK  [0m] Started Dispatch Password Requests to Console Directory Watch.
[[0;32m  OK  [0m] Found device /dev/ttyS0.
[[0;32m  OK  [0m] Listening on Load/Save RF Kill Switch Status /dev/rfkill Watch.
[[0;32m  OK  [0m] Started Monitoring of LVM2 mirrors,...ng dmeventd or progress polling.
[[0;32m  OK  [0m] Reached target Local File Systems (Pre).
[[0;32m  OK  [0m] Reached target Local File Systems.
         Starting Create Volatile Files and Directories...
         Starting Tell Plymouth To Write Out Runtime Data...
         Starting Set console font and keymap...
         Starting Initial cloud-init job (pre-networking)...
         Starting Preprocess NFS configuration...
         Starting LSB: AppArmor initialization...
[[0;32m  OK  [0m] Started Create Volatile Files and Directories.
[[0;32m  OK  [0m] Started Tell Plymouth To Write Out Runtime Data.
[[0;32m  OK  [0m] Started Preprocess NFS configuration.
         Starting NFSv4 ID-name mapping service...
[[0;32m  OK  [0m] Reached target NFS client services.
         Starting Update UTMP about System Boot/Shutdown...
[[0;32m  OK  [0m] Started LSB: AppArmor initialization.
[[0;32m  OK  [0m] Started NFSv4 ID-name mapping service.
[[0;32m  OK  [0m] Started Update UTMP about System Boot/Shutdown.
[[0;32m  OK  [0m] Found device 82540EM Gigabit Ethern...r (PRO/1000 MT Desktop Adapter).
[[0;32m  OK  [0m] Found device 82540EM Gigabit Ethern...r (PRO/1000 MT Desktop Adapter).
[    6.508338] cloud-init[568]: Cloud-init v. 19.4-33-gbb4131a2-0ubuntu1~16.04.1 running 'init-local' at Sun, 03 May 2020 16:52:41 +0000. Up 6.00 seconds.
[[0;32m  OK  [0m] Started Initial cloud-init job (pre-networking).
[[0;32m  OK  [0m] Reached target Network (Pre).
[[0;32m  OK  [0m] Started ifup for enp0s3.
[[0;32m  OK  [0m] Started ifup for enp0s8.
         Starting Raise network interfaces...
[[0;32m  OK  [0m] Started Set console font and keymap.
[[0;32m  OK  [0m] Created slice system-getty.slice.
[[0;32m  OK  [0m] Started Raise network interfaces.
         Starting Initial cloud-init job (metadata service crawler)...
[[0;32m  OK  [0m] Reached target Network.
[    7.219755] cloud-init[1100]: Cloud-init v. 19.4-33-gbb4131a2-0ubuntu1~16.04.1 running 'init' at Sun, 03 May 2020 16:52:42 +0000. Up 7.01 seconds.
[    7.228401] cloud-init[1100]: ci-info: ++++++++++++++++++++++++++++++++++++++Net device info++++++++++++++++++++++++++++++++++++++
[    7.236378] cloud-init[1100]: ci-info: +--------+------+----------------------------+---------------+--------+-------------------+
[    7.244498] cloud-init[1100]: ci-info: | Device |  Up  |          Address           |      Mask     | Scope  |     Hw-Address    |
[    7.252411] cloud-init[1100]: ci-info: +--------+------+----------------------------+---------------+--------+-------------------+
[    7.253844] cloud-init[1100]: ci-info: | enp0s3 | True |         10.0.2.15          | 255.255.255.0 | global | 02:f4:cb:fd:67:72 |
[[0;32m  OK  [0m] Started Initial cloud-init job (metadata service crawler).
[[0;32m  OK  [0m] Reached target Cloud-config availability.
[[0;32m  OK  [0m] Reached target System Initialization.
[[0;32m  OK  [0m] Listening on UUID daemon activation socket.
[    7.262692] cloud-init[1100]: ci-info: | enp0s3 | True | fe80::f4:cbff:fefd:6772/64 |       .       |  link  | 02:f4:cb:fd:67:72 |
[    7.292926] cloud-init[1100]: ci-info: | enp0s8 | True |        172.16.20.10        | 255.255.255.0 | global | 08:00:27:10:04:0d |
[[0;32m  OK  [0m] Started Daily apt download activities.
         Starting LXD - unix socket.
         Starting Socket activation for snappy daemon.
[[0;32m  OK  [0m] Listening on D-Bus System Message Bus Socket.
[[0;32m  OK  [0m] Listening on RPCbind Server Activation Socket.
         Starting NFS Mount Daemon...
[[0;32m  OK  [0m] Started Daily Cleanup of Temporary Directories.
[[0;32m  OK  [0m] Listening on ACPID Listen Socket.
[    7.303406] cloud-init[1100]: ci-info: | enp0s8 | True | fe80::a00:27ff:fe10:40d/64 |       .       |  link  | 08:00:27:10:04:0d |
[    7.309275] cloud-init[1100]: ci-info: |   lo   | True |         127.0.0.1          |   255.0.0.0   |  host  |         .         |
[    7.309392] cloud-init[1100]: ci-info: |   lo   | True |          ::1/128           |       .       |  host  |         .         |
[    7.309576] cloud-init[1100]: ci-info: +--------+------+----------------------------+---------------+--------+-------------------+
[    7.309754] cloud-init[1100]: ci-info: +++++++++++++++++++++++++++Route IPv4 info++++++++++++++++++++++++++++
[    7.309915] cloud-init[1100]: ci-info: +-------+-------------+----------+---------------+-----------+-------+
[    7.318493] cloud-init[1100]: ci-info: | Route | Destination | Gateway  |    Genmask    | Interface | Flags |
[    7.319209] cloud-init[1100]: ci-info: +-------+-------------+----------+---------------+-----------+-------+
[    7.319387] cloud-init[1100]: ci-info: |   0   |   0.0.0.0   | 10.0.2.2 |    0.0.0.0    |   enp0s3  |   UG  |
[    7.319561] cloud-init[1100]: ci-info: |   1   |   10.0.2.0  | 0.0.0.0  | 255.255.255.0 |   enp0s3  |   U   |
[    7.321273] cloud-init[1100]: ci-info: |   2   | 172.16.20.0 | 0.0.0.0  | 255.255.255.0 |   enp0s8  |   U   |
[    7.321386] cloud-init[1100]: ci-info: +-------+-------------+----------+---------------+-----------+-------+
[    7.321560] cloud-init[1100]: ci-info: +++++++++++++++++++Route IPv6 info+++++++++++++++++++
[    7.321949] cloud-init[1100]: ci-info: +-------+-------------+---------+-----------+-------+
[    7.323603] cloud-init[1100]: ci-info: | Route | Destination | Gateway | Interface | Flags |
[[0;32m  OK  [0m] Started ACPI Events Check.
[    7.331636] [[0;32m  OK  [0m] Reached target Paths.
[[0;32m  OK  [0m] Started Daily apt upgrade and clean activities.
[[0;32m  OK  [0m] Started Message of the Day.
[[0;32m  OK  [0m] Reached target Timers.
[[0;32m  OK  [0m] Reached target Network is Online.cloud-init[1100]: ci-info: +-------+-------------+---------+-----------+-------+
[    7.337945] cloud-init[1100]: ci-info: |   0   |  fe80::/64  |    ::   |   enp0s8  |   U   |
[    7.340574] cloud-init[1100]: ci-info: |   1   |  fe80::/64  |    ::   |   enp0s3  |   U   |
         Starting iSCSI initiator daemon (iscsid)...
[
[    7.344351] cloud-init[1100]: ci-info: |   4   |   ff00::/8  |    ::   |   enp0s8  |   U   |[0;32m  OK  [0m] Listening on LXD - unix socket.
[[0;32m  OK  [0m] Listening on Socket activation for snappy daemon.

[    7.348287] cloud-init[1100]: ci-info: |   5   |   ff00::/8  |    ::   |   enp0s3  |   U   |
[    7.349596] [[0;32m  OK  [0m] Reached target Sockets.
[[0;32m  OK  [0m] Reached target Basic System.
cloud-init[1100]: ci-info: +-------+-------------+---------+-----------+-------+
         Starting Login Service...
         Starting LSB: Record successful boot for GRUB...
         Starting System Logging Service...
         Starting Snappy daemon...
[[0;32m  OK  [0m] Started ACPI event daemon.
         Starting /etc/rc.local Compatibility...
         Starting LSB: MD monitoring daemon...
         Starting Accounts Service...
[[0;32m  OK  [0m] Started Regular background program processing daemon.
         Starting LXD - container startup/shutdown...
[[0;32m  OK  [0m] Started Deferred execution scheduler.
         Starting Virtualbox guest utils...
[[0;32m  OK  [0m] Started FUSE filesystem for LXC.
         Starting OpenBSD Secure Shell server...
[[0;32m  OK  [0m] Started D-Bus System Message Bus.
[[0;32m  OK  [0m] Started System Logging Service.
[[0;32m  OK  [0m] Started /etc/rc.local Compatibility.
[[0;32m  OK  [0m] Started iSCSI initiator daemon (iscsid).
[[0;32m  OK  [0m] Started OpenBSD Secure Shell server.
         Starting Login to default iSCSI targets...
         Starting RPC bind portmap service...
[[0;32m  OK  [0m] Started RPC bind portmap service.
[[0;32m  OK  [0m] Reached target RPC Port Mapper.
[[0;32m  OK  [0m] Started LSB: Record successful boot for GRUB.
[[0;32m  OK  [0m] Started Login Service.
[[0;32m  OK  [0m] Started Unattended Upgrades Shutdown.
         Starting Authenticate and Authorize Users to Run Privileged Tasks...
[[0;32m  OK  [0m] Started NFS Mount Daemon.
         Starting NFS server and services...
[[0;32m  OK  [0m] Started Authenticate and Authorize Users to Run Privileged Tasks.
[[0;32m  OK  [0m] Started LSB: MD monitoring daemon.
[[0;32m  OK  [0m] Started Login to default iSCSI targets.
[[0;32m  OK  [0m] Started Accounts Service.
[[0;32m  OK  [0m] Started LXD - container startup/shutdown.
[[0;32m  OK  [0m] Started NFS server and services.
[[0;32m  OK  [0m] Reached target Remote File Systems (Pre).
[[0;32m  OK  [0m] Reached target Remote File Systems.
         Starting LSB: daemon to balance interrupts for SMP systems...
         Starting LSB: automatic crash report generation...
         Starting LSB: Set the CPU Frequency Scaling governor to "ondemand"...
         Starting Permit User Sessions...
[[0;32m  OK  [0m] Started Permit User Sessions.
         Starting Terminate Plymouth Boot Screen...
         Starting Hold until boot process finishes up...
[[0;32m  OK  [0m] Started Hold until boot process finishes up.
[[0;32m  OK  [0m] Started Terminate Plymouth Boot Screen.
[[0;32m  OK  [0m] Started Serial Getty on ttyS0.
         Starting Set console scheme...
[[0;32m  OK  [0m] Started Getty on tty1.
[[0;32m  OK  [0m] Reached target Login Prompts.
[[0;32m  OK  [0m] Started Set console scheme.
[[0;32m  OK  [0m] Started LSB: Set the CPU Frequency Scaling governor to "ondemand".
[[0;32m  OK  [0m] Started LSB: automatic crash report generation.
[[0;32m  OK  [0m] Started LSB: daemon to balance interrupts for SMP systems.
[[0;32m  OK  [0m] Started Virtualbox guest utils.
[[0;32m  OK  [0m] Started Snappy daemon.
         Starting Wait until snapd is fully seeded...
[[0;32m  OK  [0m] Started Wait until snapd is fully seeded.
         Starting Apply the settings specified in cloud-config...
[[0;32m  OK  [0m] Reached target Multi-User System.
[[0;32m  OK  [0m] Reached target Graphical Interface.
         Starting Update UTMP about System Runlevel Changes...
[[0;32m  OK  [0m] Started Update UTMP about System Runlevel Changes.
[    8.284583] cloud-init[1398]: Cloud-init v. 19.4-33-gbb4131a2-0ubuntu1~16.04.1 running 'modules:config' at Sun, 03 May 2020 16:52:43 +0000. Up 8.20 seconds.
[[0;32m  OK  [0m] Started Apply the settings specified in cloud-config.
         Starting Execute cloud user/final scripts...
[    8.612713] cloud-init[1413]: Cloud-init v. 19.4-33-gbb4131a2-0ubuntu1~16.04.1 running 'modules:final' at Sun, 03 May 2020 16:52:44 +0000. Up 8.52 seconds.
[    8.620586] cloud-init[1413]: Cloud-init v. 19.4-33-gbb4131a2-0ubuntu1~16.04.1 finished at Sun, 03 May 2020 16:52:44 +0000. Datasource DataSourceNoCloud [seed=/dev/sdb][dsmode=net].  Up 8.60 seconds
[[0;32m  OK  [0m] Started Execute cloud user/final scripts.
[[0;32m  OK  [0m] Reached target Cloud-init target.

Ubuntu 16.04.6 LTS nfsserver ttyS0

nfsserver login: [[0;32m  OK  [0m] Closed Load/Save RF Kill Switch Status /dev/rfkill Watch.
[[0;32m  OK  [0m] Stopped target Graphical Interface.
         Stopping Accounts Service...
[[0;32m  OK  [0m] Stopped target Cloud-init target.
         Stopping Authenticate and Authorize Users to Run Privileged Tasks...
[[0;32m  OK  [0m] Stopped target Timers.
[[0;32m  OK  [0m] Stopped Daily Cleanup of Temporary Directories.
[[0;32m  OK  [0m] Stopped Message of the Day.
[[0;32m  OK  [0m] Stopped target RPC Port Mapper.
         Stopping Session 2 of user vagrant.
         Stopping User Manager for UID 1000...
[[0;32m  OK  [0m] Stopped Execute cloud user/final scripts.
[[0;32m  OK  [0m] Stopped target Multi-User System.
         Stopping Virtualbox guest utils...
         Stopping LSB: daemon to balance interrupts for SMP systems...
[[0;32m  OK  [0m] Stopped target Login Prompts.
         Stopping Getty on tty1...
         Stopping Serial Getty on ttyS0...
         Stopping LSB: MD monitoring daemon...
         Stopping LSB: automatic crash report generation...
         Stopping D-Bus System Message Bus...
         Stopping System Logging Service...
         Stopping Deferred execution scheduler...
         Stopping OpenBSD Secure Shell server...
         Stopping LSB: Record successful boot for GRUB...
         Stopping FUSE filesystem for LXC...
         Stopping Regular background program processing daemon...
         Stopping Unattended Upgrades Shutdown...
[[0;32m  OK  [0m] Stopped Apply the settings specified in cloud-config.
[[0;32m  OK  [0m] Stopped target Cloud-config availability.
[[0;32m  OK  [0m] Stopped Wait until snapd is fully seeded.
         Stopping Session 7 of user vagrant.
         Stopping ACPI event daemon...
         Stopping LSB: Set the CPU Frequency Scaling governor to "ondemand"...
[[0;32m  OK  [0m] Stopped Daily apt upgrade and clean activities.
[[0;32m  OK  [0m] Stopped Daily apt download activities.
         Stopping LXD - container startup/shutdown...
[[0;32m  OK  [0m] Stopped target System Time Synchronized.
[[0;32m  OK  [0m] Unmounted /var/lib/lxcfs.
[[0;32m  OK  [0m] Stopped System Logging Service.
[[0;32m  OK  [0m] Stopped ACPI event daemon.
[[0;32m  OK  [0m] Stopped Accounts Service.
[[0;32m  OK  [0m] Stopped Regular background program processing daemon.
[[0;32m  OK  [0m] Stopped Deferred execution scheduler.
[[0;32m  OK  [0m] Stopped OpenBSD Secure Shell server.
[[0;32m  OK  [0m] Stopped Unattended Upgrades Shutdown.
[[0;32m  OK  [0m] Stopped Authenticate and Authorize Users to Run Privileged Tasks.
[[0;32m  OK  [0m] Stopped Serial Getty on ttyS0.
[[0;32m  OK  [0m] Stopped Getty on tty1.
[[0;32m  OK  [0m] Stopped User Manager for UID 1000.
[[0;32m  OK  [0m] Stopped Session 2 of user vagrant.
[[0;32m  OK  [0m] Stopped D-Bus System Message Bus.
[[0;32m  OK  [0m] Stopped FUSE filesystem for LXC.
[[0;32m  OK  [0m] Removed slice system-getty.slice.
[[0;32m  OK  [0m] Stopped /etc/rc.local Compatibility.
[[0;32m  OK  [0m] Removed slice system-serial\x2dgetty.slice.
[[0;32m  OK  [0m] Stopped Virtualbox guest utils.
[[0;32m  OK  [0m] Stopped LSB: daemon to balance interrupts for SMP systems.
[[0;32m  OK  [0m] Stopped LSB: MD monitoring daemon.
[[0;32m  OK  [0m] Stopped LSB: automatic crash report generation.
[[0;32m  OK  [0m] Stopped LSB: Record successful boot for GRUB.
[[0;32m  OK  [0m] Stopped LSB: Set the CPU Frequency Scaling governor to "ondemand".
[[0;32m  OK  [0m] Stopped LXD - container startup/shutdown.
[[0;32m  OK  [0m] Stopped Session 7 of user vagrant.
[[0;32m  OK  [0m] Stopped User Manager for UID 1000.
[[0;32m  OK  [0m] Removed slice User Slice of vagrant.
         Stopping Login Service...
         Stopping Permit User Sessions...
[[0;32m  OK  [0m] Stopped Login Service.
[[0;32m  OK  [0m] Stopped Permit User Sessions.
[[0;32m  OK  [0m] Stopped target Remote File Systems.
[[0;32m  OK  [0m] Stopped target Remote File Systems (Pre).
         Stopping Login to default iSCSI targets...
[[0;32m  OK  [0m] Stopped target NFS client services.
         Stopping RPC bind portmap service...
         Stopping NFS server and services...
[[0;32m  OK  [0m] Stopped target User and Group Name Lookups.
[[0;32m  OK  [0m] Stopped target Basic System.
[[0;32m  OK  [0m] Stopped target Paths.
[[0;32m  OK  [0m] Stopped Forward Password Requests to Wall Directory Watch.
[[0;32m  OK  [0m] Stopped Dispatch Password Requests to Console Directory Watch.
[[0;32m  OK  [0m] Stopped ACPI Events Check.
[[0;32m  OK  [0m] Stopped target Sockets.
[[0;32m  OK  [0m] Closed Syslog Socket.
[[0;32m  OK  [0m] Closed LXD - unix socket.
[[0;32m  OK  [0m] Closed UUID daemon activation socket.
[[0;32m  OK  [0m] Closed D-Bus System Message Bus Socket.
[[0;32m  OK  [0m] Closed ACPID Listen Socket.
[[0;32m  OK  [0m] Closed Socket activation for snappy daemon.
[[0;32m  OK  [0m] Stopped target Slices.
[[0;32m  OK  [0m] Removed slice User and Session Slice.
[[0;32m  OK  [0m] Stopped RPC bind portmap service.
[[0;32m  OK  [0m] Stopped NFS server and services.
         Stopping NFSv4 ID-name mapping service...
         Stopping NFS Mount Daemon...
[[0;32m  OK  [0m] Stopped NFSv4 ID-name mapping service.
         Unmounting RPC Pipe File System...
[[0;32m  OK  [0m] Unmounted RPC Pipe File System.
[[0;32m  OK  [0m] Stopped Login to default iSCSI targets.
         Stopping iSCSI initiator daemon (iscsid)...
[[0;32m  OK  [0m] Stopped NFS Mount Daemon.
[[0;32m  OK  [0m] Stopped iSCSI initiator daemon (iscsid).
[[0;32m  OK  [0m] Stopped target Network is Online.
[[0;32m  OK  [0m] Closed RPCbind Server Activation Socket.
[[0;32m  OK  [0m] Stopped target System Initialization.
[[0;32m  OK  [0m] Stopped Create Volatile Files and Directories.
[[0;32m  OK  [0m] Stopped Initial cloud-init job (metadata service crawler).
         Stopping Load/Save Random Seed...
[[0;32m  OK  [0m] Stopped target Swap.
[[0;32m  OK  [0m] Stopped target Encrypted Volumes.
[[0;32m  OK  [0m] Stopped target Network.
         Stopping Raise network interfaces...
[[0;32m  OK  [0m] Stopped Load/Save Random Seed.
[[0;32m  OK  [0m] Stopped Raise network interfaces.
[[0;32m  OK  [0m] Stopped Apply Kernel Variables.
[[0;32m  OK  [0m] Stopped target Network (Pre).
[[0;32m  OK  [0m] Stopped Initial cloud-init job (pre-networking).
[[0;32m  OK  [0m] Stopped Load Kernel Modules.
[[0;32m  OK  [0m] Stopped target Local File Systems.
         Unmounting /vagrant...
         Unmounting /run/user/1000...
[[0;32m  OK  [0m] Unmounted /run/user/1000.
[[0;1;31mFAILED[0m] Failed unmounting /vagrant.
[[0;32m  OK  [0m] Reached target Unmount All Filesystems.
[[0;32m  OK  [0m] Stopped target Local File Systems (Pre).
[[0;32m  OK  [0m] Stopped Create Static Device Nodes in /dev.
[[0;32m  OK  [0m] Stopped Remount Root and Kernel File Systems.
[[0;32m  OK  [0m] Reached target Shutdown.
[ 8959.158030] reboot: Power down
